{"D:\\Development\\Lambda\\BudgetBlocks\\budget-blocks-be\\index.js": {"path":"D:\\Development\\Lambda\\BudgetBlocks\\budget-blocks-be\\index.js","statementMap":{"0":{"start":{"line":1,"column":15},"end":{"line":1,"column":42}},"1":{"start":{"line":2,"column":13},"end":{"line":2,"column":37}},"2":{"start":{"line":4,"column":0},"end":{"line":6,"column":3}},"3":{"start":{"line":5,"column":2},"end":{"line":5,"column":74}}},"fnMap":{"0":{"name":"(anonymous_0)","decl":{"start":{"line":4,"column":20},"end":{"line":4,"column":21}},"loc":{"start":{"line":4,"column":26},"end":{"line":6,"column":1}},"line":4}},"branchMap":{"0":{"loc":{"start":{"line":2,"column":13},"end":{"line":2,"column":37}},"type":"binary-expr","locations":[{"start":{"line":2,"column":13},"end":{"line":2,"column":29}},{"start":{"line":2,"column":33},"end":{"line":2,"column":37}}],"line":2}},"s":{"0":0,"1":0,"2":0,"3":0},"f":{"0":0},"b":{"0":[0,0]}}
,"D:\\Development\\Lambda\\BudgetBlocks\\budget-blocks-be\\knexfile.js": {"path":"D:\\Development\\Lambda\\BudgetBlocks\\budget-blocks-be\\knexfile.js","statementMap":{"0":{"start":{"line":2,"column":0},"end":{"line":2,"column":27}},"1":{"start":{"line":4,"column":0},"end":{"line":33,"column":2}},"2":{"start":{"line":19,"column":8},"end":{"line":19,"column":51}}},"fnMap":{"0":{"name":"(anonymous_0)","decl":{"start":{"line":18,"column":19},"end":{"line":18,"column":20}},"loc":{"start":{"line":18,"column":35},"end":{"line":20,"column":7}},"line":18}},"branchMap":{},"s":{"0":2,"1":2,"2":1},"f":{"0":1},"b":{},"_coverageSchema":"1a1c01bbd47fc00a2c39e90264f33305004495a9","hash":"6a339fc1b47f9d48e23adce326fe25a4ba664f52"}
,"D:\\Development\\Lambda\\BudgetBlocks\\budget-blocks-be\\auth\\auth-router.js": {"path":"D:\\Development\\Lambda\\BudgetBlocks\\budget-blocks-be\\auth\\auth-router.js","statementMap":{"0":{"start":{"line":1,"column":15},"end":{"line":1,"column":34}},"1":{"start":{"line":2,"column":15},"end":{"line":2,"column":42}},"2":{"start":{"line":3,"column":12},"end":{"line":3,"column":35}},"3":{"start":{"line":4,"column":14},"end":{"line":4,"column":45}},"4":{"start":{"line":8,"column":2},"end":{"line":21,"column":3}},"5":{"start":{"line":9,"column":4},"end":{"line":9,"column":78}},"6":{"start":{"line":12,"column":4},"end":{"line":20,"column":5}},"7":{"start":{"line":13,"column":6},"end":{"line":13,"column":64}},"8":{"start":{"line":14,"column":11},"end":{"line":20,"column":5}},"9":{"start":{"line":15,"column":6},"end":{"line":15,"column":66}},"10":{"start":{"line":19,"column":6},"end":{"line":19,"column":13}},"11":{"start":{"line":25,"column":14},"end":{"line":25,"column":28}},"12":{"start":{"line":27,"column":2},"end":{"line":44,"column":7}},"13":{"start":{"line":31,"column":6},"end":{"line":37,"column":7}},"14":{"start":{"line":32,"column":8},"end":{"line":34,"column":71}},"15":{"start":{"line":36,"column":8},"end":{"line":36,"column":15}},"16":{"start":{"line":40,"column":6},"end":{"line":40,"column":25}},"17":{"start":{"line":41,"column":6},"end":{"line":43,"column":78}},"18":{"start":{"line":47,"column":0},"end":{"line":70,"column":5}},"19":{"start":{"line":51,"column":15},"end":{"line":51,"column":23}},"20":{"start":{"line":54,"column":6},"end":{"line":69,"column":6}},"21":{"start":{"line":56,"column":8},"end":{"line":68,"column":9}},"22":{"start":{"line":57,"column":10},"end":{"line":57,"column":104}},"23":{"start":{"line":59,"column":10},"end":{"line":59,"column":29}},"24":{"start":{"line":61,"column":10},"end":{"line":67,"column":12}},"25":{"start":{"line":63,"column":12},"end":{"line":63,"column":57}},"26":{"start":{"line":66,"column":12},"end":{"line":66,"column":71}},"27":{"start":{"line":72,"column":0},"end":{"line":96,"column":3}},"28":{"start":{"line":74,"column":20},"end":{"line":74,"column":28}},"29":{"start":{"line":76,"column":2},"end":{"line":95,"column":6}},"30":{"start":{"line":78,"column":8},"end":{"line":90,"column":10}},"31":{"start":{"line":79,"column":10},"end":{"line":89,"column":11}},"32":{"start":{"line":80,"column":12},"end":{"line":80,"column":79}},"33":{"start":{"line":82,"column":26},"end":{"line":82,"column":41}},"34":{"start":{"line":83,"column":12},"end":{"line":88,"column":14}},"35":{"start":{"line":94,"column":6},"end":{"line":94,"column":86}},"36":{"start":{"line":99,"column":18},"end":{"line":102,"column":3}},"37":{"start":{"line":104,"column":17},"end":{"line":104,"column":54}},"38":{"start":{"line":106,"column":18},"end":{"line":108,"column":3}},"39":{"start":{"line":111,"column":2},"end":{"line":111,"column":44}},"40":{"start":{"line":114,"column":0},"end":{"line":114,"column":24}}},"fnMap":{"0":{"name":"validateUserCredentials","decl":{"start":{"line":6,"column":9},"end":{"line":6,"column":32}},"loc":{"start":{"line":6,"column":49},"end":{"line":22,"column":1}},"line":6},"1":{"name":"userAlreadyExists","decl":{"start":{"line":24,"column":9},"end":{"line":24,"column":26}},"loc":{"start":{"line":24,"column":43},"end":{"line":45,"column":1}},"line":24},"2":{"name":"(anonymous_2)","decl":{"start":{"line":28,"column":10},"end":{"line":28,"column":11}},"loc":{"start":{"line":28,"column":22},"end":{"line":38,"column":5}},"line":28},"3":{"name":"(anonymous_3)","decl":{"start":{"line":39,"column":11},"end":{"line":39,"column":12}},"loc":{"start":{"line":39,"column":20},"end":{"line":44,"column":5}},"line":39},"4":{"name":"(anonymous_4)","decl":{"start":{"line":50,"column":2},"end":{"line":50,"column":3}},"loc":{"start":{"line":50,"column":16},"end":{"line":70,"column":3}},"line":50},"5":{"name":"(anonymous_5)","decl":{"start":{"line":54,"column":36},"end":{"line":54,"column":37}},"loc":{"start":{"line":54,"column":48},"end":{"line":69,"column":5}},"line":54},"6":{"name":"(anonymous_6)","decl":{"start":{"line":62,"column":16},"end":{"line":62,"column":17}},"loc":{"start":{"line":62,"column":20},"end":{"line":64,"column":11}},"line":62},"7":{"name":"(anonymous_7)","decl":{"start":{"line":65,"column":17},"end":{"line":65,"column":18}},"loc":{"start":{"line":65,"column":22},"end":{"line":67,"column":11}},"line":65},"8":{"name":"(anonymous_8)","decl":{"start":{"line":72,"column":47},"end":{"line":72,"column":48}},"loc":{"start":{"line":72,"column":61},"end":{"line":96,"column":1}},"line":72},"9":{"name":"(anonymous_9)","decl":{"start":{"line":77,"column":10},"end":{"line":77,"column":11}},"loc":{"start":{"line":77,"column":16},"end":{"line":91,"column":5}},"line":77},"10":{"name":"(anonymous_10)","decl":{"start":{"line":78,"column":59},"end":{"line":78,"column":60}},"loc":{"start":{"line":78,"column":75},"end":{"line":90,"column":9}},"line":78},"11":{"name":"(anonymous_11)","decl":{"start":{"line":92,"column":11},"end":{"line":92,"column":12}},"loc":{"start":{"line":92,"column":16},"end":{"line":95,"column":5}},"line":92},"12":{"name":"signToken","decl":{"start":{"line":98,"column":9},"end":{"line":98,"column":18}},"loc":{"start":{"line":98,"column":25},"end":{"line":112,"column":1}},"line":98}},"branchMap":{"0":{"loc":{"start":{"line":8,"column":2},"end":{"line":21,"column":3}},"type":"if","locations":[{"start":{"line":8,"column":2},"end":{"line":21,"column":3}},{"start":{"line":8,"column":2},"end":{"line":21,"column":3}}],"line":8},"1":{"loc":{"start":{"line":12,"column":4},"end":{"line":20,"column":5}},"type":"if","locations":[{"start":{"line":12,"column":4},"end":{"line":20,"column":5}},{"start":{"line":12,"column":4},"end":{"line":20,"column":5}}],"line":12},"2":{"loc":{"start":{"line":14,"column":11},"end":{"line":20,"column":5}},"type":"if","locations":[{"start":{"line":14,"column":11},"end":{"line":20,"column":5}},{"start":{"line":14,"column":11},"end":{"line":20,"column":5}}],"line":14},"3":{"loc":{"start":{"line":31,"column":6},"end":{"line":37,"column":7}},"type":"if","locations":[{"start":{"line":31,"column":6},"end":{"line":37,"column":7}},{"start":{"line":31,"column":6},"end":{"line":37,"column":7}}],"line":31},"4":{"loc":{"start":{"line":56,"column":8},"end":{"line":68,"column":9}},"type":"if","locations":[{"start":{"line":56,"column":8},"end":{"line":68,"column":9}},{"start":{"line":56,"column":8},"end":{"line":68,"column":9}}],"line":56},"5":{"loc":{"start":{"line":79,"column":10},"end":{"line":89,"column":11}},"type":"if","locations":[{"start":{"line":79,"column":10},"end":{"line":89,"column":11}},{"start":{"line":79,"column":10},"end":{"line":89,"column":11}}],"line":79},"6":{"loc":{"start":{"line":104,"column":17},"end":{"line":104,"column":54}},"type":"binary-expr","locations":[{"start":{"line":104,"column":17},"end":{"line":104,"column":39}},{"start":{"line":104,"column":43},"end":{"line":104,"column":54}}],"line":104}},"s":{"0":2,"1":2,"2":2,"3":2,"4":0,"5":0,"6":0,"7":0,"8":0,"9":0,"10":0,"11":0,"12":0,"13":0,"14":0,"15":0,"16":0,"17":0,"18":2,"19":0,"20":0,"21":0,"22":0,"23":0,"24":0,"25":0,"26":0,"27":2,"28":0,"29":0,"30":0,"31":0,"32":0,"33":0,"34":0,"35":0,"36":0,"37":0,"38":0,"39":0,"40":2},"f":{"0":0,"1":0,"2":0,"3":0,"4":0,"5":0,"6":0,"7":0,"8":0,"9":0,"10":0,"11":0,"12":0},"b":{"0":[0,0],"1":[0,0],"2":[0,0],"3":[0,0],"4":[0,0],"5":[0,0],"6":[0,0]},"_coverageSchema":"1a1c01bbd47fc00a2c39e90264f33305004495a9","hash":"a78c9d7e69106ad0b27217d0cb1df963cdd3cb1b"}
,"D:\\Development\\Lambda\\BudgetBlocks\\budget-blocks-be\\auth\\restricted-middleware.js": {"path":"D:\\Development\\Lambda\\BudgetBlocks\\budget-blocks-be\\auth\\restricted-middleware.js","statementMap":{"0":{"start":{"line":1,"column":12},"end":{"line":1,"column":35}},"1":{"start":{"line":3,"column":0},"end":{"line":23,"column":2}},"2":{"start":{"line":4,"column":26},"end":{"line":4,"column":37}},"3":{"start":{"line":6,"column":2},"end":{"line":22,"column":3}},"4":{"start":{"line":7,"column":19},"end":{"line":7,"column":56}},"5":{"start":{"line":10,"column":4},"end":{"line":17,"column":7}},"6":{"start":{"line":11,"column":6},"end":{"line":16,"column":7}},"7":{"start":{"line":12,"column":8},"end":{"line":12,"column":56}},"8":{"start":{"line":14,"column":8},"end":{"line":14,"column":36}},"9":{"start":{"line":15,"column":8},"end":{"line":15,"column":15}},"10":{"start":{"line":19,"column":4},"end":{"line":21,"column":74}}},"fnMap":{"0":{"name":"(anonymous_0)","decl":{"start":{"line":3,"column":17},"end":{"line":3,"column":18}},"loc":{"start":{"line":3,"column":37},"end":{"line":23,"column":1}},"line":3},"1":{"name":"(anonymous_1)","decl":{"start":{"line":10,"column":38},"end":{"line":10,"column":39}},"loc":{"start":{"line":10,"column":66},"end":{"line":17,"column":5}},"line":10}},"branchMap":{"0":{"loc":{"start":{"line":6,"column":2},"end":{"line":22,"column":3}},"type":"if","locations":[{"start":{"line":6,"column":2},"end":{"line":22,"column":3}},{"start":{"line":6,"column":2},"end":{"line":22,"column":3}}],"line":6},"1":{"loc":{"start":{"line":7,"column":19},"end":{"line":7,"column":56}},"type":"binary-expr","locations":[{"start":{"line":7,"column":19},"end":{"line":7,"column":41}},{"start":{"line":7,"column":45},"end":{"line":7,"column":56}}],"line":7},"2":{"loc":{"start":{"line":11,"column":6},"end":{"line":16,"column":7}},"type":"if","locations":[{"start":{"line":11,"column":6},"end":{"line":16,"column":7}},{"start":{"line":11,"column":6},"end":{"line":16,"column":7}}],"line":11}},"s":{"0":2,"1":2,"2":0,"3":0,"4":0,"5":0,"6":0,"7":0,"8":0,"9":0,"10":0},"f":{"0":0,"1":0},"b":{"0":[0,0],"1":[0,0],"2":[0,0]},"_coverageSchema":"1a1c01bbd47fc00a2c39e90264f33305004495a9","hash":"b264e88e0b13a52a26cd159b8cc51058ac699edd"}
,"D:\\Development\\Lambda\\BudgetBlocks\\budget-blocks-be\\users\\paramCheck.js": {"path":"D:\\Development\\Lambda\\BudgetBlocks\\budget-blocks-be\\users\\paramCheck.js","statementMap":{"0":{"start":{"line":1,"column":0},"end":{"line":10,"column":1}},"1":{"start":{"line":2,"column":17},"end":{"line":2,"column":25}},"2":{"start":{"line":3,"column":15},"end":{"line":3,"column":32}},"3":{"start":{"line":5,"column":4},"end":{"line":9,"column":5}},"4":{"start":{"line":6,"column":6},"end":{"line":6,"column":116}},"5":{"start":{"line":8,"column":8},"end":{"line":8,"column":14}},"6":{"start":{"line":12,"column":0},"end":{"line":21,"column":1}},"7":{"start":{"line":13,"column":17},"end":{"line":13,"column":25}},"8":{"start":{"line":14,"column":15},"end":{"line":14,"column":32}},"9":{"start":{"line":16,"column":4},"end":{"line":20,"column":5}},"10":{"start":{"line":17,"column":6},"end":{"line":17,"column":90}},"11":{"start":{"line":19,"column":8},"end":{"line":19,"column":14}}},"fnMap":{"0":{"name":"(anonymous_0)","decl":{"start":{"line":1,"column":20},"end":{"line":1,"column":21}},"loc":{"start":{"line":1,"column":36},"end":{"line":10,"column":1}},"line":1},"1":{"name":"(anonymous_1)","decl":{"start":{"line":12,"column":15},"end":{"line":12,"column":16}},"loc":{"start":{"line":12,"column":31},"end":{"line":21,"column":1}},"line":12}},"branchMap":{"0":{"loc":{"start":{"line":5,"column":4},"end":{"line":9,"column":5}},"type":"if","locations":[{"start":{"line":5,"column":4},"end":{"line":9,"column":5}},{"start":{"line":5,"column":4},"end":{"line":9,"column":5}}],"line":5},"1":{"loc":{"start":{"line":5,"column":8},"end":{"line":5,"column":20}},"type":"binary-expr","locations":[{"start":{"line":5,"column":8},"end":{"line":5,"column":11}},{"start":{"line":5,"column":15},"end":{"line":5,"column":20}}],"line":5},"2":{"loc":{"start":{"line":16,"column":4},"end":{"line":20,"column":5}},"type":"if","locations":[{"start":{"line":16,"column":4},"end":{"line":20,"column":5}},{"start":{"line":16,"column":4},"end":{"line":20,"column":5}}],"line":16}},"s":{"0":2,"1":0,"2":0,"3":0,"4":0,"5":0,"6":2,"7":0,"8":0,"9":0,"10":0,"11":0},"f":{"0":0,"1":0},"b":{"0":[0,0],"1":[0,0],"2":[0,0]},"_coverageSchema":"1a1c01bbd47fc00a2c39e90264f33305004495a9","hash":"96e763e1eb1a35ee47b4d20a712e57f9457c675f"}
,"D:\\Development\\Lambda\\BudgetBlocks\\budget-blocks-be\\users\\users-model.js": {"path":"D:\\Development\\Lambda\\BudgetBlocks\\budget-blocks-be\\users\\users-model.js","statementMap":{"0":{"start":{"line":1,"column":11},"end":{"line":1,"column":39}},"1":{"start":{"line":3,"column":0},"end":{"line":14,"column":2}},"2":{"start":{"line":17,"column":2},"end":{"line":17,"column":21}},"3":{"start":{"line":21,"column":2},"end":{"line":27,"column":40}},"4":{"start":{"line":25,"column":6},"end":{"line":25,"column":20}},"5":{"start":{"line":27,"column":20},"end":{"line":27,"column":38}},"6":{"start":{"line":31,"column":2},"end":{"line":34,"column":13}},"7":{"start":{"line":39,"column":2},"end":{"line":42,"column":13}},"8":{"start":{"line":46,"column":2},"end":{"line":58,"column":40}},"9":{"start":{"line":51,"column":6},"end":{"line":56,"column":7}},"10":{"start":{"line":52,"column":28},"end":{"line":52,"column":59}},"11":{"start":{"line":53,"column":8},"end":{"line":53,"column":59}},"12":{"start":{"line":55,"column":8},"end":{"line":55,"column":27}},"13":{"start":{"line":58,"column":20},"end":{"line":58,"column":38}},"14":{"start":{"line":65,"column":2},"end":{"line":81,"column":40}},"15":{"start":{"line":70,"column":6},"end":{"line":79,"column":7}},"16":{"start":{"line":71,"column":21},"end":{"line":71,"column":52}},"17":{"start":{"line":72,"column":8},"end":{"line":76,"column":9}},"18":{"start":{"line":73,"column":10},"end":{"line":73,"column":59}},"19":{"start":{"line":75,"column":10},"end":{"line":75,"column":60}},"20":{"start":{"line":78,"column":8},"end":{"line":78,"column":27}},"21":{"start":{"line":81,"column":20},"end":{"line":81,"column":38}},"22":{"start":{"line":86,"column":2},"end":{"line":90,"column":13}},"23":{"start":{"line":95,"column":2},"end":{"line":107,"column":31}},"24":{"start":{"line":111,"column":2},"end":{"line":114,"column":43}},"25":{"start":{"line":118,"column":2},"end":{"line":121,"column":43}},"26":{"start":{"line":125,"column":2},"end":{"line":128,"column":53}}},"fnMap":{"0":{"name":"allUsers","decl":{"start":{"line":16,"column":9},"end":{"line":16,"column":17}},"loc":{"start":{"line":16,"column":20},"end":{"line":18,"column":1}},"line":16},"1":{"name":"addUser","decl":{"start":{"line":20,"column":9},"end":{"line":20,"column":16}},"loc":{"start":{"line":20,"column":27},"end":{"line":28,"column":1}},"line":20},"2":{"name":"(anonymous_2)","decl":{"start":{"line":23,"column":10},"end":{"line":23,"column":11}},"loc":{"start":{"line":23,"column":17},"end":{"line":26,"column":5}},"line":23},"3":{"name":"(anonymous_3)","decl":{"start":{"line":27,"column":11},"end":{"line":27,"column":12}},"loc":{"start":{"line":27,"column":20},"end":{"line":27,"column":38}},"line":27},"4":{"name":"get_total_budget","decl":{"start":{"line":30,"column":9},"end":{"line":30,"column":25}},"loc":{"start":{"line":30,"column":34},"end":{"line":35,"column":1}},"line":30},"5":{"name":"findUserBy","decl":{"start":{"line":38,"column":9},"end":{"line":38,"column":19}},"loc":{"start":{"line":38,"column":28},"end":{"line":43,"column":1}},"line":38},"6":{"name":"PLAID_find_user","decl":{"start":{"line":45,"column":9},"end":{"line":45,"column":24}},"loc":{"start":{"line":45,"column":33},"end":{"line":59,"column":1}},"line":45},"7":{"name":"(anonymous_7)","decl":{"start":{"line":50,"column":10},"end":{"line":50,"column":11}},"loc":{"start":{"line":50,"column":24},"end":{"line":57,"column":5}},"line":50},"8":{"name":"(anonymous_8)","decl":{"start":{"line":58,"column":11},"end":{"line":58,"column":12}},"loc":{"start":{"line":58,"column":20},"end":{"line":58,"column":38}},"line":58},"9":{"name":"login","decl":{"start":{"line":64,"column":9},"end":{"line":64,"column":14}},"loc":{"start":{"line":64,"column":21},"end":{"line":82,"column":1}},"line":64},"10":{"name":"(anonymous_10)","decl":{"start":{"line":69,"column":10},"end":{"line":69,"column":11}},"loc":{"start":{"line":69,"column":24},"end":{"line":80,"column":5}},"line":69},"11":{"name":"(anonymous_11)","decl":{"start":{"line":81,"column":11},"end":{"line":81,"column":12}},"loc":{"start":{"line":81,"column":20},"end":{"line":81,"column":38}},"line":81},"12":{"name":"checkAccessToken","decl":{"start":{"line":85,"column":9},"end":{"line":85,"column":25}},"loc":{"start":{"line":85,"column":34},"end":{"line":91,"column":1}},"line":85},"13":{"name":"returnUserCategories","decl":{"start":{"line":94,"column":9},"end":{"line":94,"column":29}},"loc":{"start":{"line":94,"column":38},"end":{"line":108,"column":1}},"line":94},"14":{"name":"editUserCategoryBudget","decl":{"start":{"line":110,"column":9},"end":{"line":110,"column":31}},"loc":{"start":{"line":110,"column":60},"end":{"line":115,"column":1}},"line":110},"15":{"name":"editUserIncome","decl":{"start":{"line":117,"column":9},"end":{"line":117,"column":23}},"loc":{"start":{"line":117,"column":38},"end":{"line":122,"column":1}},"line":117},"16":{"name":"editUserSaving","decl":{"start":{"line":124,"column":9},"end":{"line":124,"column":23}},"loc":{"start":{"line":124,"column":38},"end":{"line":129,"column":1}},"line":124}},"branchMap":{"0":{"loc":{"start":{"line":72,"column":8},"end":{"line":76,"column":9}},"type":"if","locations":[{"start":{"line":72,"column":8},"end":{"line":76,"column":9}},{"start":{"line":72,"column":8},"end":{"line":76,"column":9}}],"line":72}},"s":{"0":2,"1":2,"2":0,"3":1,"4":1,"5":0,"6":0,"7":0,"8":0,"9":0,"10":0,"11":0,"12":0,"13":0,"14":0,"15":0,"16":0,"17":0,"18":0,"19":0,"20":0,"21":0,"22":0,"23":0,"24":0,"25":0,"26":0},"f":{"0":0,"1":1,"2":1,"3":0,"4":0,"5":0,"6":0,"7":0,"8":0,"9":0,"10":0,"11":0,"12":0,"13":0,"14":0,"15":0,"16":0},"b":{"0":[0,0]},"_coverageSchema":"1a1c01bbd47fc00a2c39e90264f33305004495a9","hash":"5a07ffc0500a4a3102122c4f87843753fc1590e0"}
,"D:\\Development\\Lambda\\BudgetBlocks\\budget-blocks-be\\users\\users-router.js": {"path":"D:\\Development\\Lambda\\BudgetBlocks\\budget-blocks-be\\users\\users-router.js","statementMap":{"0":{"start":{"line":1,"column":15},"end":{"line":1,"column":42}},"1":{"start":{"line":2,"column":14},"end":{"line":2,"column":41}},"2":{"start":{"line":3,"column":19},"end":{"line":3,"column":62}},"3":{"start":{"line":4,"column":19},"end":{"line":4,"column":45}},"4":{"start":{"line":8,"column":11},"end":{"line":8,"column":28}},"5":{"start":{"line":10,"column":2},"end":{"line":26,"column":7}},"6":{"start":{"line":14,"column":6},"end":{"line":18,"column":7}},"7":{"start":{"line":15,"column":8},"end":{"line":15,"column":15}},"8":{"start":{"line":17,"column":8},"end":{"line":17,"column":80}},"9":{"start":{"line":21,"column":6},"end":{"line":21,"column":25}},"10":{"start":{"line":22,"column":6},"end":{"line":25,"column":9}},"11":{"start":{"line":29,"column":0},"end":{"line":38,"column":3}},"12":{"start":{"line":30,"column":2},"end":{"line":37,"column":7}},"13":{"start":{"line":32,"column":6},"end":{"line":32,"column":37}},"14":{"start":{"line":35,"column":6},"end":{"line":35,"column":25}},"15":{"start":{"line":36,"column":6},"end":{"line":36,"column":76}},"16":{"start":{"line":40,"column":0},"end":{"line":51,"column":3}},"17":{"start":{"line":41,"column":13},"end":{"line":41,"column":30}},"18":{"start":{"line":43,"column":2},"end":{"line":50,"column":3}},"19":{"start":{"line":44,"column":17},"end":{"line":44,"column":52}},"20":{"start":{"line":46,"column":4},"end":{"line":46,"column":35}},"21":{"start":{"line":48,"column":4},"end":{"line":48,"column":21}},"22":{"start":{"line":49,"column":4},"end":{"line":49,"column":65}},"23":{"start":{"line":54,"column":0},"end":{"line":73,"column":3}},"24":{"start":{"line":55,"column":13},"end":{"line":55,"column":30}},"25":{"start":{"line":57,"column":2},"end":{"line":72,"column":7}},"26":{"start":{"line":59,"column":6},"end":{"line":65,"column":7}},"27":{"start":{"line":60,"column":8},"end":{"line":60,"column":41}},"28":{"start":{"line":62,"column":8},"end":{"line":64,"column":70}},"29":{"start":{"line":68,"column":6},"end":{"line":68,"column":25}},"30":{"start":{"line":69,"column":6},"end":{"line":71,"column":9}},"31":{"start":{"line":75,"column":0},"end":{"line":110,"column":2}},"32":{"start":{"line":80,"column":15},"end":{"line":80,"column":32}},"33":{"start":{"line":81,"column":17},"end":{"line":81,"column":25}},"34":{"start":{"line":83,"column":4},"end":{"line":108,"column":5}},"35":{"start":{"line":84,"column":21},"end":{"line":88,"column":7}},"36":{"start":{"line":89,"column":6},"end":{"line":89,"column":54}},"37":{"start":{"line":90,"column":6},"end":{"line":104,"column":7}},"38":{"start":{"line":91,"column":8},"end":{"line":96,"column":11}},"39":{"start":{"line":98,"column":8},"end":{"line":103,"column":11}},"40":{"start":{"line":106,"column":6},"end":{"line":106,"column":43}},"41":{"start":{"line":107,"column":6},"end":{"line":107,"column":64}},"42":{"start":{"line":112,"column":0},"end":{"line":127,"column":2}},"43":{"start":{"line":117,"column":17},"end":{"line":117,"column":25}},"44":{"start":{"line":118,"column":15},"end":{"line":118,"column":32}},"45":{"start":{"line":120,"column":4},"end":{"line":125,"column":5}},"46":{"start":{"line":121,"column":19},"end":{"line":121,"column":55}},"47":{"start":{"line":122,"column":6},"end":{"line":122,"column":37}},"48":{"start":{"line":124,"column":6},"end":{"line":124,"column":63}},"49":{"start":{"line":129,"column":0},"end":{"line":144,"column":2}},"50":{"start":{"line":134,"column":17},"end":{"line":134,"column":25}},"51":{"start":{"line":135,"column":15},"end":{"line":135,"column":32}},"52":{"start":{"line":137,"column":4},"end":{"line":142,"column":5}},"53":{"start":{"line":138,"column":19},"end":{"line":138,"column":55}},"54":{"start":{"line":139,"column":6},"end":{"line":139,"column":37}},"55":{"start":{"line":141,"column":6},"end":{"line":141,"column":63}},"56":{"start":{"line":146,"column":0},"end":{"line":146,"column":24}}},"fnMap":{"0":{"name":"userExists","decl":{"start":{"line":7,"column":9},"end":{"line":7,"column":19}},"loc":{"start":{"line":7,"column":36},"end":{"line":27,"column":1}},"line":7},"1":{"name":"(anonymous_1)","decl":{"start":{"line":11,"column":10},"end":{"line":11,"column":11}},"loc":{"start":{"line":11,"column":22},"end":{"line":19,"column":5}},"line":11},"2":{"name":"(anonymous_2)","decl":{"start":{"line":20,"column":11},"end":{"line":20,"column":12}},"loc":{"start":{"line":20,"column":20},"end":{"line":26,"column":5}},"line":20},"3":{"name":"(anonymous_3)","decl":{"start":{"line":29,"column":28},"end":{"line":29,"column":29}},"loc":{"start":{"line":29,"column":42},"end":{"line":38,"column":1}},"line":29},"4":{"name":"(anonymous_4)","decl":{"start":{"line":31,"column":10},"end":{"line":31,"column":11}},"loc":{"start":{"line":31,"column":22},"end":{"line":33,"column":5}},"line":31},"5":{"name":"(anonymous_5)","decl":{"start":{"line":34,"column":11},"end":{"line":34,"column":12}},"loc":{"start":{"line":34,"column":20},"end":{"line":37,"column":5}},"line":34},"6":{"name":"(anonymous_6)","decl":{"start":{"line":40,"column":59},"end":{"line":40,"column":60}},"loc":{"start":{"line":40,"column":79},"end":{"line":51,"column":1}},"line":40},"7":{"name":"(anonymous_7)","decl":{"start":{"line":54,"column":65},"end":{"line":54,"column":66}},"loc":{"start":{"line":54,"column":79},"end":{"line":73,"column":1}},"line":54},"8":{"name":"(anonymous_8)","decl":{"start":{"line":58,"column":10},"end":{"line":58,"column":11}},"loc":{"start":{"line":58,"column":24},"end":{"line":66,"column":5}},"line":58},"9":{"name":"(anonymous_9)","decl":{"start":{"line":67,"column":11},"end":{"line":67,"column":12}},"loc":{"start":{"line":67,"column":20},"end":{"line":72,"column":5}},"line":67},"10":{"name":"(anonymous_10)","decl":{"start":{"line":79,"column":2},"end":{"line":79,"column":3}},"loc":{"start":{"line":79,"column":22},"end":{"line":109,"column":3}},"line":79},"11":{"name":"(anonymous_11)","decl":{"start":{"line":116,"column":2},"end":{"line":116,"column":3}},"loc":{"start":{"line":116,"column":22},"end":{"line":126,"column":3}},"line":116},"12":{"name":"(anonymous_12)","decl":{"start":{"line":133,"column":2},"end":{"line":133,"column":3}},"loc":{"start":{"line":133,"column":22},"end":{"line":143,"column":3}},"line":133}},"branchMap":{"0":{"loc":{"start":{"line":14,"column":6},"end":{"line":18,"column":7}},"type":"if","locations":[{"start":{"line":14,"column":6},"end":{"line":18,"column":7}},{"start":{"line":14,"column":6},"end":{"line":18,"column":7}}],"line":14},"1":{"loc":{"start":{"line":59,"column":6},"end":{"line":65,"column":7}},"type":"if","locations":[{"start":{"line":59,"column":6},"end":{"line":65,"column":7}},{"start":{"line":59,"column":6},"end":{"line":65,"column":7}}],"line":59},"2":{"loc":{"start":{"line":90,"column":6},"end":{"line":104,"column":7}},"type":"if","locations":[{"start":{"line":90,"column":6},"end":{"line":104,"column":7}},{"start":{"line":90,"column":6},"end":{"line":104,"column":7}}],"line":90}},"s":{"0":2,"1":2,"2":2,"3":2,"4":0,"5":0,"6":0,"7":0,"8":0,"9":0,"10":0,"11":2,"12":0,"13":0,"14":0,"15":0,"16":2,"17":0,"18":0,"19":0,"20":0,"21":0,"22":0,"23":2,"24":0,"25":0,"26":0,"27":0,"28":0,"29":0,"30":0,"31":2,"32":0,"33":0,"34":0,"35":0,"36":0,"37":0,"38":0,"39":0,"40":0,"41":0,"42":2,"43":0,"44":0,"45":0,"46":0,"47":0,"48":0,"49":2,"50":0,"51":0,"52":0,"53":0,"54":0,"55":0,"56":2},"f":{"0":0,"1":0,"2":0,"3":0,"4":0,"5":0,"6":0,"7":0,"8":0,"9":0,"10":0,"11":0,"12":0},"b":{"0":[0,0],"1":[0,0],"2":[0,0]},"_coverageSchema":"1a1c01bbd47fc00a2c39e90264f33305004495a9","hash":"f3a8784bd193c7b50b79eef72f126e0885352b02"}
}
