{"D:\\Development\\Lambda\\BudgetBlocks\\budget-blocks-be\\index.js": {"path":"D:\\Development\\Lambda\\BudgetBlocks\\budget-blocks-be\\index.js","statementMap":{"0":{"start":{"line":1,"column":15},"end":{"line":1,"column":42}},"1":{"start":{"line":2,"column":13},"end":{"line":2,"column":37}},"2":{"start":{"line":4,"column":0},"end":{"line":6,"column":3}},"3":{"start":{"line":5,"column":2},"end":{"line":5,"column":74}}},"fnMap":{"0":{"name":"(anonymous_0)","decl":{"start":{"line":4,"column":20},"end":{"line":4,"column":21}},"loc":{"start":{"line":4,"column":26},"end":{"line":6,"column":1}},"line":4}},"branchMap":{"0":{"loc":{"start":{"line":2,"column":13},"end":{"line":2,"column":37}},"type":"binary-expr","locations":[{"start":{"line":2,"column":13},"end":{"line":2,"column":29}},{"start":{"line":2,"column":33},"end":{"line":2,"column":37}}],"line":2}},"s":{"0":0,"1":0,"2":0,"3":0},"f":{"0":0},"b":{"0":[0,0]}}
,"D:\\Development\\Lambda\\BudgetBlocks\\budget-blocks-be\\knexfile.js": {"path":"D:\\Development\\Lambda\\BudgetBlocks\\budget-blocks-be\\knexfile.js","statementMap":{"0":{"start":{"line":2,"column":0},"end":{"line":2,"column":27}},"1":{"start":{"line":4,"column":0},"end":{"line":33,"column":2}},"2":{"start":{"line":19,"column":8},"end":{"line":19,"column":51}}},"fnMap":{"0":{"name":"(anonymous_0)","decl":{"start":{"line":18,"column":19},"end":{"line":18,"column":20}},"loc":{"start":{"line":18,"column":35},"end":{"line":20,"column":7}},"line":18}},"branchMap":{},"s":{"0":2,"1":2,"2":1},"f":{"0":1},"b":{},"_coverageSchema":"1a1c01bbd47fc00a2c39e90264f33305004495a9","hash":"6a339fc1b47f9d48e23adce326fe25a4ba664f52"}
,"D:\\Development\\Lambda\\BudgetBlocks\\budget-blocks-be\\auth\\auth-router.js": {"path":"D:\\Development\\Lambda\\BudgetBlocks\\budget-blocks-be\\auth\\auth-router.js","statementMap":{"0":{"start":{"line":1,"column":15},"end":{"line":1,"column":34}},"1":{"start":{"line":2,"column":15},"end":{"line":2,"column":42}},"2":{"start":{"line":3,"column":12},"end":{"line":3,"column":35}},"3":{"start":{"line":4,"column":14},"end":{"line":4,"column":45}},"4":{"start":{"line":8,"column":2},"end":{"line":21,"column":3}},"5":{"start":{"line":9,"column":4},"end":{"line":9,"column":78}},"6":{"start":{"line":12,"column":4},"end":{"line":20,"column":5}},"7":{"start":{"line":13,"column":6},"end":{"line":13,"column":64}},"8":{"start":{"line":14,"column":11},"end":{"line":20,"column":5}},"9":{"start":{"line":15,"column":6},"end":{"line":15,"column":66}},"10":{"start":{"line":19,"column":6},"end":{"line":19,"column":13}},"11":{"start":{"line":25,"column":14},"end":{"line":25,"column":28}},"12":{"start":{"line":27,"column":2},"end":{"line":44,"column":7}},"13":{"start":{"line":31,"column":6},"end":{"line":37,"column":7}},"14":{"start":{"line":32,"column":8},"end":{"line":34,"column":71}},"15":{"start":{"line":36,"column":8},"end":{"line":36,"column":15}},"16":{"start":{"line":40,"column":6},"end":{"line":40,"column":25}},"17":{"start":{"line":41,"column":6},"end":{"line":43,"column":78}},"18":{"start":{"line":47,"column":0},"end":{"line":70,"column":5}},"19":{"start":{"line":51,"column":15},"end":{"line":51,"column":23}},"20":{"start":{"line":54,"column":6},"end":{"line":69,"column":6}},"21":{"start":{"line":56,"column":8},"end":{"line":68,"column":9}},"22":{"start":{"line":57,"column":10},"end":{"line":57,"column":104}},"23":{"start":{"line":59,"column":10},"end":{"line":59,"column":29}},"24":{"start":{"line":61,"column":10},"end":{"line":67,"column":12}},"25":{"start":{"line":63,"column":12},"end":{"line":63,"column":57}},"26":{"start":{"line":66,"column":12},"end":{"line":66,"column":71}},"27":{"start":{"line":72,"column":0},"end":{"line":96,"column":3}},"28":{"start":{"line":74,"column":20},"end":{"line":74,"column":28}},"29":{"start":{"line":76,"column":2},"end":{"line":95,"column":6}},"30":{"start":{"line":78,"column":8},"end":{"line":90,"column":10}},"31":{"start":{"line":79,"column":10},"end":{"line":89,"column":11}},"32":{"start":{"line":80,"column":12},"end":{"line":80,"column":79}},"33":{"start":{"line":82,"column":26},"end":{"line":82,"column":41}},"34":{"start":{"line":83,"column":12},"end":{"line":88,"column":14}},"35":{"start":{"line":94,"column":6},"end":{"line":94,"column":86}},"36":{"start":{"line":99,"column":18},"end":{"line":102,"column":3}},"37":{"start":{"line":104,"column":17},"end":{"line":104,"column":54}},"38":{"start":{"line":106,"column":18},"end":{"line":108,"column":3}},"39":{"start":{"line":111,"column":2},"end":{"line":111,"column":44}},"40":{"start":{"line":114,"column":0},"end":{"line":114,"column":24}}},"fnMap":{"0":{"name":"validateUserCredentials","decl":{"start":{"line":6,"column":9},"end":{"line":6,"column":32}},"loc":{"start":{"line":6,"column":49},"end":{"line":22,"column":1}},"line":6},"1":{"name":"userAlreadyExists","decl":{"start":{"line":24,"column":9},"end":{"line":24,"column":26}},"loc":{"start":{"line":24,"column":43},"end":{"line":45,"column":1}},"line":24},"2":{"name":"(anonymous_2)","decl":{"start":{"line":28,"column":10},"end":{"line":28,"column":11}},"loc":{"start":{"line":28,"column":22},"end":{"line":38,"column":5}},"line":28},"3":{"name":"(anonymous_3)","decl":{"start":{"line":39,"column":11},"end":{"line":39,"column":12}},"loc":{"start":{"line":39,"column":20},"end":{"line":44,"column":5}},"line":39},"4":{"name":"(anonymous_4)","decl":{"start":{"line":50,"column":2},"end":{"line":50,"column":3}},"loc":{"start":{"line":50,"column":16},"end":{"line":70,"column":3}},"line":50},"5":{"name":"(anonymous_5)","decl":{"start":{"line":54,"column":36},"end":{"line":54,"column":37}},"loc":{"start":{"line":54,"column":48},"end":{"line":69,"column":5}},"line":54},"6":{"name":"(anonymous_6)","decl":{"start":{"line":62,"column":16},"end":{"line":62,"column":17}},"loc":{"start":{"line":62,"column":20},"end":{"line":64,"column":11}},"line":62},"7":{"name":"(anonymous_7)","decl":{"start":{"line":65,"column":17},"end":{"line":65,"column":18}},"loc":{"start":{"line":65,"column":22},"end":{"line":67,"column":11}},"line":65},"8":{"name":"(anonymous_8)","decl":{"start":{"line":72,"column":47},"end":{"line":72,"column":48}},"loc":{"start":{"line":72,"column":61},"end":{"line":96,"column":1}},"line":72},"9":{"name":"(anonymous_9)","decl":{"start":{"line":77,"column":10},"end":{"line":77,"column":11}},"loc":{"start":{"line":77,"column":16},"end":{"line":91,"column":5}},"line":77},"10":{"name":"(anonymous_10)","decl":{"start":{"line":78,"column":59},"end":{"line":78,"column":60}},"loc":{"start":{"line":78,"column":75},"end":{"line":90,"column":9}},"line":78},"11":{"name":"(anonymous_11)","decl":{"start":{"line":92,"column":11},"end":{"line":92,"column":12}},"loc":{"start":{"line":92,"column":16},"end":{"line":95,"column":5}},"line":92},"12":{"name":"signToken","decl":{"start":{"line":98,"column":9},"end":{"line":98,"column":18}},"loc":{"start":{"line":98,"column":25},"end":{"line":112,"column":1}},"line":98}},"branchMap":{"0":{"loc":{"start":{"line":8,"column":2},"end":{"line":21,"column":3}},"type":"if","locations":[{"start":{"line":8,"column":2},"end":{"line":21,"column":3}},{"start":{"line":8,"column":2},"end":{"line":21,"column":3}}],"line":8},"1":{"loc":{"start":{"line":12,"column":4},"end":{"line":20,"column":5}},"type":"if","locations":[{"start":{"line":12,"column":4},"end":{"line":20,"column":5}},{"start":{"line":12,"column":4},"end":{"line":20,"column":5}}],"line":12},"2":{"loc":{"start":{"line":14,"column":11},"end":{"line":20,"column":5}},"type":"if","locations":[{"start":{"line":14,"column":11},"end":{"line":20,"column":5}},{"start":{"line":14,"column":11},"end":{"line":20,"column":5}}],"line":14},"3":{"loc":{"start":{"line":31,"column":6},"end":{"line":37,"column":7}},"type":"if","locations":[{"start":{"line":31,"column":6},"end":{"line":37,"column":7}},{"start":{"line":31,"column":6},"end":{"line":37,"column":7}}],"line":31},"4":{"loc":{"start":{"line":56,"column":8},"end":{"line":68,"column":9}},"type":"if","locations":[{"start":{"line":56,"column":8},"end":{"line":68,"column":9}},{"start":{"line":56,"column":8},"end":{"line":68,"column":9}}],"line":56},"5":{"loc":{"start":{"line":79,"column":10},"end":{"line":89,"column":11}},"type":"if","locations":[{"start":{"line":79,"column":10},"end":{"line":89,"column":11}},{"start":{"line":79,"column":10},"end":{"line":89,"column":11}}],"line":79},"6":{"loc":{"start":{"line":104,"column":17},"end":{"line":104,"column":54}},"type":"binary-expr","locations":[{"start":{"line":104,"column":17},"end":{"line":104,"column":39}},{"start":{"line":104,"column":43},"end":{"line":104,"column":54}}],"line":104}},"s":{"0":2,"1":2,"2":2,"3":2,"4":0,"5":0,"6":0,"7":0,"8":0,"9":0,"10":0,"11":0,"12":0,"13":0,"14":0,"15":0,"16":0,"17":0,"18":2,"19":0,"20":0,"21":0,"22":0,"23":0,"24":0,"25":0,"26":0,"27":2,"28":0,"29":0,"30":0,"31":0,"32":0,"33":0,"34":0,"35":0,"36":0,"37":0,"38":0,"39":0,"40":2},"f":{"0":0,"1":0,"2":0,"3":0,"4":0,"5":0,"6":0,"7":0,"8":0,"9":0,"10":0,"11":0,"12":0},"b":{"0":[0,0],"1":[0,0],"2":[0,0],"3":[0,0],"4":[0,0],"5":[0,0],"6":[0,0]},"_coverageSchema":"1a1c01bbd47fc00a2c39e90264f33305004495a9","hash":"a78c9d7e69106ad0b27217d0cb1df963cdd3cb1b"}
,"D:\\Development\\Lambda\\BudgetBlocks\\budget-blocks-be\\auth\\restricted-middleware.js": {"path":"D:\\Development\\Lambda\\BudgetBlocks\\budget-blocks-be\\auth\\restricted-middleware.js","statementMap":{"0":{"start":{"line":1,"column":12},"end":{"line":1,"column":35}},"1":{"start":{"line":3,"column":0},"end":{"line":23,"column":2}},"2":{"start":{"line":4,"column":26},"end":{"line":4,"column":37}},"3":{"start":{"line":6,"column":2},"end":{"line":22,"column":3}},"4":{"start":{"line":7,"column":19},"end":{"line":7,"column":56}},"5":{"start":{"line":10,"column":4},"end":{"line":17,"column":7}},"6":{"start":{"line":11,"column":6},"end":{"line":16,"column":7}},"7":{"start":{"line":12,"column":8},"end":{"line":12,"column":56}},"8":{"start":{"line":14,"column":8},"end":{"line":14,"column":36}},"9":{"start":{"line":15,"column":8},"end":{"line":15,"column":15}},"10":{"start":{"line":19,"column":4},"end":{"line":21,"column":74}}},"fnMap":{"0":{"name":"(anonymous_0)","decl":{"start":{"line":3,"column":17},"end":{"line":3,"column":18}},"loc":{"start":{"line":3,"column":37},"end":{"line":23,"column":1}},"line":3},"1":{"name":"(anonymous_1)","decl":{"start":{"line":10,"column":38},"end":{"line":10,"column":39}},"loc":{"start":{"line":10,"column":66},"end":{"line":17,"column":5}},"line":10}},"branchMap":{"0":{"loc":{"start":{"line":6,"column":2},"end":{"line":22,"column":3}},"type":"if","locations":[{"start":{"line":6,"column":2},"end":{"line":22,"column":3}},{"start":{"line":6,"column":2},"end":{"line":22,"column":3}}],"line":6},"1":{"loc":{"start":{"line":7,"column":19},"end":{"line":7,"column":56}},"type":"binary-expr","locations":[{"start":{"line":7,"column":19},"end":{"line":7,"column":41}},{"start":{"line":7,"column":45},"end":{"line":7,"column":56}}],"line":7},"2":{"loc":{"start":{"line":11,"column":6},"end":{"line":16,"column":7}},"type":"if","locations":[{"start":{"line":11,"column":6},"end":{"line":16,"column":7}},{"start":{"line":11,"column":6},"end":{"line":16,"column":7}}],"line":11}},"s":{"0":2,"1":2,"2":0,"3":0,"4":0,"5":0,"6":0,"7":0,"8":0,"9":0,"10":0},"f":{"0":0,"1":0},"b":{"0":[0,0],"1":[0,0],"2":[0,0]},"_coverageSchema":"1a1c01bbd47fc00a2c39e90264f33305004495a9","hash":"b264e88e0b13a52a26cd159b8cc51058ac699edd"}
,"D:\\Development\\Lambda\\BudgetBlocks\\budget-blocks-be\\data\\db-config.js": {"path":"D:\\Development\\Lambda\\BudgetBlocks\\budget-blocks-be\\data\\db-config.js","statementMap":{"0":{"start":{"line":1,"column":0},"end":{"line":1,"column":27}},"1":{"start":{"line":2,"column":13},"end":{"line":2,"column":28}},"2":{"start":{"line":3,"column":15},"end":{"line":3,"column":40}},"3":{"start":{"line":6,"column":20},"end":{"line":6,"column":59}},"4":{"start":{"line":8,"column":0},"end":{"line":8,"column":43}}},"fnMap":{},"branchMap":{"0":{"loc":{"start":{"line":6,"column":20},"end":{"line":6,"column":59}},"type":"binary-expr","locations":[{"start":{"line":6,"column":20},"end":{"line":6,"column":42}},{"start":{"line":6,"column":46},"end":{"line":6,"column":59}}],"line":6}},"s":{"0":2,"1":2,"2":2,"3":2,"4":2},"f":{},"b":{"0":[2,2]},"_coverageSchema":"1a1c01bbd47fc00a2c39e90264f33305004495a9","hash":"650c781029411e6b7026febaac7fbca6807cd48a"}
,"D:\\Development\\Lambda\\BudgetBlocks\\budget-blocks-be\\data\\server.js": {"path":"D:\\Development\\Lambda\\BudgetBlocks\\budget-blocks-be\\data\\server.js","statementMap":{"0":{"start":{"line":2,"column":16},"end":{"line":2,"column":34}},"1":{"start":{"line":3,"column":15},"end":{"line":3,"column":32}},"2":{"start":{"line":4,"column":13},"end":{"line":4,"column":28}},"3":{"start":{"line":5,"column":15},"end":{"line":5,"column":32}},"4":{"start":{"line":6,"column":20},"end":{"line":6,"column":46}},"5":{"start":{"line":9,"column":19},"end":{"line":9,"column":49}},"6":{"start":{"line":10,"column":19},"end":{"line":10,"column":51}},"7":{"start":{"line":14,"column":13},"end":{"line":14,"column":35}},"8":{"start":{"line":15,"column":15},"end":{"line":15,"column":24}},"9":{"start":{"line":17,"column":0},"end":{"line":17,"column":27}},"10":{"start":{"line":18,"column":0},"end":{"line":18,"column":21}},"11":{"start":{"line":19,"column":0},"end":{"line":19,"column":19}},"12":{"start":{"line":20,"column":0},"end":{"line":20,"column":26}},"13":{"start":{"line":22,"column":0},"end":{"line":28,"column":2}},"14":{"start":{"line":30,"column":0},"end":{"line":30,"column":36}},"15":{"start":{"line":31,"column":0},"end":{"line":31,"column":37}},"16":{"start":{"line":34,"column":0},"end":{"line":36,"column":3}},"17":{"start":{"line":35,"column":2},"end":{"line":35,"column":52}},"18":{"start":{"line":38,"column":0},"end":{"line":38,"column":24}}},"fnMap":{"0":{"name":"(anonymous_0)","decl":{"start":{"line":34,"column":16},"end":{"line":34,"column":17}},"loc":{"start":{"line":34,"column":30},"end":{"line":36,"column":1}},"line":34}},"branchMap":{},"s":{"0":2,"1":2,"2":2,"3":2,"4":2,"5":2,"6":2,"7":2,"8":2,"9":2,"10":2,"11":2,"12":2,"13":2,"14":2,"15":2,"16":2,"17":5,"18":2},"f":{"0":5},"b":{},"_coverageSchema":"1a1c01bbd47fc00a2c39e90264f33305004495a9","hash":"d58d06678e731ac8bf983ae688bb83c3ed638c2e"}
,"D:\\Development\\Lambda\\BudgetBlocks\\budget-blocks-be\\data\\migrations\\01-20191217142532_usersTable.js": {"path":"D:\\Development\\Lambda\\BudgetBlocks\\budget-blocks-be\\data\\migrations\\01-20191217142532_usersTable.js","statementMap":{"0":{"start":{"line":1,"column":0},"end":{"line":36,"column":2}},"1":{"start":{"line":2,"column":2},"end":{"line":35,"column":4}},"2":{"start":{"line":4,"column":8},"end":{"line":4,"column":25}},"3":{"start":{"line":6,"column":8},"end":{"line":9,"column":20}},"4":{"start":{"line":10,"column":8},"end":{"line":10,"column":45}},"5":{"start":{"line":12,"column":8},"end":{"line":13,"column":20}},"6":{"start":{"line":15,"column":8},"end":{"line":16,"column":20}},"7":{"start":{"line":22,"column":8},"end":{"line":22,"column":25}},"8":{"start":{"line":24,"column":8},"end":{"line":31,"column":31}},"9":{"start":{"line":33,"column":8},"end":{"line":33,"column":35}},"10":{"start":{"line":42,"column":0},"end":{"line":44,"column":2}},"11":{"start":{"line":43,"column":2},"end":{"line":43,"column":48}}},"fnMap":{"0":{"name":"(anonymous_0)","decl":{"start":{"line":1,"column":13},"end":{"line":1,"column":14}},"loc":{"start":{"line":1,"column":28},"end":{"line":36,"column":1}},"line":1},"1":{"name":"(anonymous_1)","decl":{"start":{"line":3,"column":37},"end":{"line":3,"column":38}},"loc":{"start":{"line":3,"column":44},"end":{"line":17,"column":7}},"line":3},"2":{"name":"(anonymous_2)","decl":{"start":{"line":21,"column":40},"end":{"line":21,"column":41}},"loc":{"start":{"line":21,"column":47},"end":{"line":34,"column":7}},"line":21},"3":{"name":"(anonymous_3)","decl":{"start":{"line":42,"column":15},"end":{"line":42,"column":16}},"loc":{"start":{"line":42,"column":30},"end":{"line":44,"column":1}},"line":42}},"branchMap":{},"s":{"0":0,"1":0,"2":0,"3":0,"4":0,"5":0,"6":0,"7":0,"8":0,"9":0,"10":0,"11":0},"f":{"0":0,"1":0,"2":0,"3":0},"b":{}}
,"D:\\Development\\Lambda\\BudgetBlocks\\budget-blocks-be\\data\\migrations\\02-20200127183035_itemTable.js": {"path":"D:\\Development\\Lambda\\BudgetBlocks\\budget-blocks-be\\data\\migrations\\02-20200127183035_itemTable.js","statementMap":{"0":{"start":{"line":2,"column":0},"end":{"line":20,"column":2}},"1":{"start":{"line":4,"column":4},"end":{"line":19,"column":6}},"2":{"start":{"line":6,"column":8},"end":{"line":6,"column":25}},"3":{"start":{"line":8,"column":8},"end":{"line":8,"column":29}},"4":{"start":{"line":12,"column":8},"end":{"line":18,"column":29}},"5":{"start":{"line":22,"column":0},"end":{"line":24,"column":2}},"6":{"start":{"line":23,"column":2},"end":{"line":23,"column":46}}},"fnMap":{"0":{"name":"(anonymous_0)","decl":{"start":{"line":2,"column":13},"end":{"line":2,"column":14}},"loc":{"start":{"line":2,"column":28},"end":{"line":20,"column":1}},"line":2},"1":{"name":"(anonymous_1)","decl":{"start":{"line":4,"column":43},"end":{"line":4,"column":44}},"loc":{"start":{"line":4,"column":48},"end":{"line":19,"column":5}},"line":4},"2":{"name":"(anonymous_2)","decl":{"start":{"line":22,"column":15},"end":{"line":22,"column":16}},"loc":{"start":{"line":22,"column":30},"end":{"line":24,"column":1}},"line":22}},"branchMap":{},"s":{"0":0,"1":0,"2":0,"3":0,"4":0,"5":0,"6":0},"f":{"0":0,"1":0,"2":0},"b":{}}
,"D:\\Development\\Lambda\\BudgetBlocks\\budget-blocks-be\\data\\migrations\\04-20200127183211_categoryTable.js": {"path":"D:\\Development\\Lambda\\BudgetBlocks\\budget-blocks-be\\data\\migrations\\04-20200127183211_categoryTable.js","statementMap":{"0":{"start":{"line":1,"column":0},"end":{"line":10,"column":2}},"1":{"start":{"line":2,"column":2},"end":{"line":9,"column":5}},"2":{"start":{"line":3,"column":4},"end":{"line":3,"column":21}},"3":{"start":{"line":5,"column":4},"end":{"line":8,"column":16}},"4":{"start":{"line":12,"column":0},"end":{"line":14,"column":2}},"5":{"start":{"line":13,"column":2},"end":{"line":13,"column":51}}},"fnMap":{"0":{"name":"(anonymous_0)","decl":{"start":{"line":1,"column":13},"end":{"line":1,"column":14}},"loc":{"start":{"line":1,"column":28},"end":{"line":10,"column":1}},"line":1},"1":{"name":"(anonymous_1)","decl":{"start":{"line":2,"column":45},"end":{"line":2,"column":46}},"loc":{"start":{"line":2,"column":52},"end":{"line":9,"column":3}},"line":2},"2":{"name":"(anonymous_2)","decl":{"start":{"line":12,"column":15},"end":{"line":12,"column":16}},"loc":{"start":{"line":12,"column":30},"end":{"line":14,"column":1}},"line":12}},"branchMap":{},"s":{"0":0,"1":0,"2":0,"3":0,"4":0,"5":0},"f":{"0":0,"1":0,"2":0},"b":{}}
,"D:\\Development\\Lambda\\BudgetBlocks\\budget-blocks-be\\data\\migrations\\05-20200127183252_user_categoryTable.js": {"path":"D:\\Development\\Lambda\\BudgetBlocks\\budget-blocks-be\\data\\migrations\\05-20200127183252_user_categoryTable.js","statementMap":{"0":{"start":{"line":1,"column":0},"end":{"line":25,"column":2}},"1":{"start":{"line":2,"column":4},"end":{"line":24,"column":6}},"2":{"start":{"line":4,"column":8},"end":{"line":4,"column":47}},"3":{"start":{"line":6,"column":8},"end":{"line":12,"column":29}},"4":{"start":{"line":14,"column":8},"end":{"line":20,"column":29}},"5":{"start":{"line":22,"column":8},"end":{"line":23,"column":19}},"6":{"start":{"line":27,"column":0},"end":{"line":29,"column":2}},"7":{"start":{"line":28,"column":2},"end":{"line":28,"column":55}}},"fnMap":{"0":{"name":"(anonymous_0)","decl":{"start":{"line":1,"column":13},"end":{"line":1,"column":14}},"loc":{"start":{"line":1,"column":28},"end":{"line":25,"column":1}},"line":1},"1":{"name":"(anonymous_1)","decl":{"start":{"line":2,"column":52},"end":{"line":2,"column":53}},"loc":{"start":{"line":2,"column":57},"end":{"line":24,"column":5}},"line":2},"2":{"name":"(anonymous_2)","decl":{"start":{"line":27,"column":15},"end":{"line":27,"column":16}},"loc":{"start":{"line":27,"column":30},"end":{"line":29,"column":1}},"line":27}},"branchMap":{},"s":{"0":0,"1":0,"2":0,"3":0,"4":0,"5":0,"6":0,"7":0},"f":{"0":0,"1":0,"2":0},"b":{}}
,"D:\\Development\\Lambda\\BudgetBlocks\\budget-blocks-be\\data\\migrations\\06-20200210175326_bank_account.js": {"path":"D:\\Development\\Lambda\\BudgetBlocks\\budget-blocks-be\\data\\migrations\\06-20200210175326_bank_account.js","statementMap":{"0":{"start":{"line":1,"column":0},"end":{"line":35,"column":2}},"1":{"start":{"line":3,"column":4},"end":{"line":34,"column":6}},"2":{"start":{"line":5,"column":8},"end":{"line":5,"column":25}},"3":{"start":{"line":7,"column":8},"end":{"line":9,"column":18}},"4":{"start":{"line":11,"column":8},"end":{"line":12,"column":23}},"5":{"start":{"line":14,"column":8},"end":{"line":15,"column":23}},"6":{"start":{"line":17,"column":8},"end":{"line":18,"column":23}},"7":{"start":{"line":20,"column":8},"end":{"line":21,"column":23}},"8":{"start":{"line":23,"column":8},"end":{"line":24,"column":23}},"9":{"start":{"line":26,"column":8},"end":{"line":32,"column":29}},"10":{"start":{"line":37,"column":0},"end":{"line":39,"column":2}},"11":{"start":{"line":38,"column":4},"end":{"line":38,"column":56}}},"fnMap":{"0":{"name":"(anonymous_0)","decl":{"start":{"line":1,"column":13},"end":{"line":1,"column":14}},"loc":{"start":{"line":1,"column":28},"end":{"line":35,"column":1}},"line":1},"1":{"name":"(anonymous_1)","decl":{"start":{"line":3,"column":51},"end":{"line":3,"column":52}},"loc":{"start":{"line":3,"column":56},"end":{"line":34,"column":5}},"line":3},"2":{"name":"(anonymous_2)","decl":{"start":{"line":37,"column":15},"end":{"line":37,"column":16}},"loc":{"start":{"line":37,"column":30},"end":{"line":39,"column":1}},"line":37}},"branchMap":{},"s":{"0":0,"1":0,"2":0,"3":0,"4":0,"5":0,"6":0,"7":0,"8":0,"9":0,"10":0,"11":0},"f":{"0":0,"1":0,"2":0},"b":{}}
,"D:\\Development\\Lambda\\BudgetBlocks\\budget-blocks-be\\data\\migrations\\07-20200127183329_budget_item.js": {"path":"D:\\Development\\Lambda\\BudgetBlocks\\budget-blocks-be\\data\\migrations\\07-20200127183329_budget_item.js","statementMap":{"0":{"start":{"line":3,"column":0},"end":{"line":46,"column":2}},"1":{"start":{"line":4,"column":2},"end":{"line":45,"column":4}},"2":{"start":{"line":6,"column":4},"end":{"line":6,"column":21}},"3":{"start":{"line":8,"column":4},"end":{"line":9,"column":18}},"4":{"start":{"line":11,"column":4},"end":{"line":12,"column":18}},"5":{"start":{"line":14,"column":4},"end":{"line":14,"column":30}},"6":{"start":{"line":17,"column":4},"end":{"line":23,"column":25}},"7":{"start":{"line":25,"column":4},"end":{"line":31,"column":25}},"8":{"start":{"line":33,"column":4},"end":{"line":39,"column":25}},"9":{"start":{"line":48,"column":0},"end":{"line":50,"column":2}},"10":{"start":{"line":49,"column":2},"end":{"line":49,"column":53}}},"fnMap":{"0":{"name":"(anonymous_0)","decl":{"start":{"line":3,"column":13},"end":{"line":3,"column":14}},"loc":{"start":{"line":3,"column":28},"end":{"line":46,"column":1}},"line":3},"1":{"name":"(anonymous_1)","decl":{"start":{"line":4,"column":48},"end":{"line":4,"column":49}},"loc":{"start":{"line":4,"column":53},"end":{"line":45,"column":3}},"line":4},"2":{"name":"(anonymous_2)","decl":{"start":{"line":48,"column":15},"end":{"line":48,"column":16}},"loc":{"start":{"line":48,"column":30},"end":{"line":50,"column":1}},"line":48}},"branchMap":{},"s":{"0":0,"1":0,"2":0,"3":0,"4":0,"5":0,"6":0,"7":0,"8":0,"9":0,"10":0},"f":{"0":0,"1":0,"2":0},"b":{}}
,"D:\\Development\\Lambda\\BudgetBlocks\\budget-blocks-be\\data\\migrations\\20200203175632_item_insertion.js": {"path":"D:\\Development\\Lambda\\BudgetBlocks\\budget-blocks-be\\data\\migrations\\20200203175632_item_insertion.js","statementMap":{"0":{"start":{"line":1,"column":0},"end":{"line":19,"column":2}},"1":{"start":{"line":3,"column":4},"end":{"line":18,"column":6}},"2":{"start":{"line":5,"column":8},"end":{"line":5,"column":25}},"3":{"start":{"line":7,"column":8},"end":{"line":8,"column":23}},"4":{"start":{"line":10,"column":8},"end":{"line":16,"column":29}},"5":{"start":{"line":21,"column":0},"end":{"line":23,"column":2}},"6":{"start":{"line":22,"column":4},"end":{"line":22,"column":59}}},"fnMap":{"0":{"name":"(anonymous_0)","decl":{"start":{"line":1,"column":13},"end":{"line":1,"column":14}},"loc":{"start":{"line":1,"column":28},"end":{"line":19,"column":1}},"line":1},"1":{"name":"(anonymous_1)","decl":{"start":{"line":3,"column":54},"end":{"line":3,"column":55}},"loc":{"start":{"line":3,"column":59},"end":{"line":18,"column":5}},"line":3},"2":{"name":"(anonymous_2)","decl":{"start":{"line":21,"column":15},"end":{"line":21,"column":16}},"loc":{"start":{"line":21,"column":30},"end":{"line":23,"column":1}},"line":21}},"branchMap":{},"s":{"0":0,"1":0,"2":0,"3":0,"4":0,"5":0,"6":0},"f":{"0":0,"1":0,"2":0},"b":{}}
,"D:\\Development\\Lambda\\BudgetBlocks\\budget-blocks-be\\data\\seeds\\000-cleaner.js": {"path":"D:\\Development\\Lambda\\BudgetBlocks\\budget-blocks-be\\data\\seeds\\000-cleaner.js","statementMap":{"0":{"start":{"line":1,"column":16},"end":{"line":1,"column":39}},"1":{"start":{"line":3,"column":0},"end":{"line":8,"column":2}},"2":{"start":{"line":4,"column":2},"end":{"line":7,"column":5}}},"fnMap":{"0":{"name":"(anonymous_0)","decl":{"start":{"line":3,"column":15},"end":{"line":3,"column":16}},"loc":{"start":{"line":3,"column":30},"end":{"line":8,"column":1}},"line":3}},"branchMap":{},"s":{"0":0,"1":0,"2":0},"f":{"0":0},"b":{}}
,"D:\\Development\\Lambda\\BudgetBlocks\\budget-blocks-be\\data\\seeds\\01-category.js": {"path":"D:\\Development\\Lambda\\BudgetBlocks\\budget-blocks-be\\data\\seeds\\01-category.js","statementMap":{"0":{"start":{"line":2,"column":0},"end":{"line":30,"column":2}},"1":{"start":{"line":4,"column":2},"end":{"line":29,"column":5}}},"fnMap":{"0":{"name":"(anonymous_0)","decl":{"start":{"line":2,"column":15},"end":{"line":2,"column":16}},"loc":{"start":{"line":2,"column":30},"end":{"line":30,"column":1}},"line":2}},"branchMap":{},"s":{"0":0,"1":0},"f":{"0":0},"b":{}}
,"D:\\Development\\Lambda\\BudgetBlocks\\budget-blocks-be\\plaid\\data.js": {"path":"D:\\Development\\Lambda\\BudgetBlocks\\budget-blocks-be\\plaid\\data.js","statementMap":{"0":{"start":{"line":1,"column":13},"end":{"line":693,"column":1}},"1":{"start":{"line":695,"column":0},"end":{"line":695,"column":22}}},"fnMap":{},"branchMap":{},"s":{"0":0,"1":0},"f":{},"b":{}}
,"D:\\Development\\Lambda\\BudgetBlocks\\budget-blocks-be\\plaid\\getAccessToken-middleware.js": {"path":"D:\\Development\\Lambda\\BudgetBlocks\\budget-blocks-be\\plaid\\getAccessToken-middleware.js","statementMap":{"0":{"start":{"line":1,"column":11},"end":{"line":1,"column":37}},"1":{"start":{"line":4,"column":0},"end":{"line":29,"column":2}},"2":{"start":{"line":6,"column":13},"end":{"line":6,"column":26}},"3":{"start":{"line":8,"column":2},"end":{"line":28,"column":3}},"4":{"start":{"line":9,"column":4},"end":{"line":9,"column":83}},"5":{"start":{"line":11,"column":4},"end":{"line":11,"column":42}},"6":{"start":{"line":12,"column":4},"end":{"line":27,"column":9}},"7":{"start":{"line":14,"column":8},"end":{"line":21,"column":9}},"8":{"start":{"line":15,"column":10},"end":{"line":15,"column":48}},"9":{"start":{"line":16,"column":10},"end":{"line":16,"column":17}},"10":{"start":{"line":18,"column":10},"end":{"line":20,"column":80}},"11":{"start":{"line":25,"column":8},"end":{"line":25,"column":25}},"12":{"start":{"line":26,"column":8},"end":{"line":26,"column":71}}},"fnMap":{"0":{"name":"(anonymous_0)","decl":{"start":{"line":4,"column":17},"end":{"line":4,"column":18}},"loc":{"start":{"line":4,"column":37},"end":{"line":29,"column":1}},"line":4},"1":{"name":"(anonymous_1)","decl":{"start":{"line":13,"column":12},"end":{"line":13,"column":13}},"loc":{"start":{"line":13,"column":22},"end":{"line":22,"column":7}},"line":13},"2":{"name":"(anonymous_2)","decl":{"start":{"line":24,"column":13},"end":{"line":24,"column":14}},"loc":{"start":{"line":24,"column":20},"end":{"line":27,"column":7}},"line":24}},"branchMap":{"0":{"loc":{"start":{"line":8,"column":2},"end":{"line":28,"column":3}},"type":"if","locations":[{"start":{"line":8,"column":2},"end":{"line":28,"column":3}},{"start":{"line":8,"column":2},"end":{"line":28,"column":3}}],"line":8},"1":{"loc":{"start":{"line":8,"column":5},"end":{"line":8,"column":19}},"type":"binary-expr","locations":[{"start":{"line":8,"column":5},"end":{"line":8,"column":8}},{"start":{"line":8,"column":10},"end":{"line":8,"column":19}}],"line":8},"2":{"loc":{"start":{"line":14,"column":8},"end":{"line":21,"column":9}},"type":"if","locations":[{"start":{"line":14,"column":8},"end":{"line":21,"column":9}},{"start":{"line":14,"column":8},"end":{"line":21,"column":9}}],"line":14}},"s":{"0":0,"1":0,"2":0,"3":0,"4":0,"5":0,"6":0,"7":0,"8":0,"9":0,"10":0,"11":0,"12":0},"f":{"0":0,"1":0,"2":0},"b":{"0":[0,0],"1":[0,0],"2":[0,0]}}
,"D:\\Development\\Lambda\\BudgetBlocks\\budget-blocks-be\\plaid\\plaidModel.js": {"path":"D:\\Development\\Lambda\\BudgetBlocks\\budget-blocks-be\\plaid\\plaidModel.js","statementMap":{"0":{"start":{"line":1,"column":11},"end":{"line":1,"column":42}},"1":{"start":{"line":3,"column":13},"end":{"line":3,"column":33}},"2":{"start":{"line":5,"column":20},"end":{"line":12,"column":1}},"3":{"start":{"line":6,"column":2},"end":{"line":11,"column":7}},"4":{"start":{"line":10,"column":6},"end":{"line":10,"column":20}},"5":{"start":{"line":14,"column":20},"end":{"line":21,"column":1}},"6":{"start":{"line":15,"column":2},"end":{"line":20,"column":7}},"7":{"start":{"line":19,"column":6},"end":{"line":19,"column":20}},"8":{"start":{"line":24,"column":21},"end":{"line":39,"column":1}},"9":{"start":{"line":26,"column":2},"end":{"line":38,"column":3}},"10":{"start":{"line":27,"column":16},"end":{"line":33,"column":6}},"11":{"start":{"line":28,"column":6},"end":{"line":32,"column":7}},"12":{"start":{"line":29,"column":8},"end":{"line":29,"column":20}},"13":{"start":{"line":31,"column":8},"end":{"line":31,"column":20}},"14":{"start":{"line":35,"column":4},"end":{"line":37,"column":5}},"15":{"start":{"line":36,"column":6},"end":{"line":36,"column":24}},"16":{"start":{"line":41,"column":28},"end":{"line":52,"column":1}},"17":{"start":{"line":42,"column":2},"end":{"line":51,"column":7}},"18":{"start":{"line":54,"column":29},"end":{"line":58,"column":1}},"19":{"start":{"line":55,"column":2},"end":{"line":57,"column":5}},"20":{"start":{"line":61,"column":23},"end":{"line":69,"column":1}},"21":{"start":{"line":63,"column":2},"end":{"line":67,"column":10}},"22":{"start":{"line":71,"column":26},"end":{"line":78,"column":1}},"23":{"start":{"line":73,"column":2},"end":{"line":77,"column":10}},"24":{"start":{"line":80,"column":23},"end":{"line":87,"column":1}},"25":{"start":{"line":81,"column":2},"end":{"line":86,"column":10}},"26":{"start":{"line":89,"column":29},"end":{"line":93,"column":1}},"27":{"start":{"line":90,"column":2},"end":{"line":92,"column":15}},"28":{"start":{"line":95,"column":26},"end":{"line":102,"column":1}},"29":{"start":{"line":96,"column":2},"end":{"line":101,"column":4}},"30":{"start":{"line":100,"column":4},"end":{"line":100,"column":17}},"31":{"start":{"line":104,"column":28},"end":{"line":112,"column":1}},"32":{"start":{"line":105,"column":2},"end":{"line":111,"column":10}},"33":{"start":{"line":114,"column":32},"end":{"line":121,"column":1}},"34":{"start":{"line":116,"column":2},"end":{"line":119,"column":5}},"35":{"start":{"line":117,"column":17},"end":{"line":117,"column":56}},"36":{"start":{"line":118,"column":4},"end":{"line":118,"column":33}},"37":{"start":{"line":123,"column":24},"end":{"line":133,"column":1}},"38":{"start":{"line":125,"column":2},"end":{"line":132,"column":10}},"39":{"start":{"line":136,"column":34},"end":{"line":141,"column":1}},"40":{"start":{"line":137,"column":2},"end":{"line":140,"column":50}},"41":{"start":{"line":143,"column":36},"end":{"line":149,"column":1}},"42":{"start":{"line":145,"column":2},"end":{"line":148,"column":10}},"43":{"start":{"line":152,"column":28},"end":{"line":169,"column":1}},"44":{"start":{"line":153,"column":2},"end":{"line":168,"column":4}},"45":{"start":{"line":161,"column":4},"end":{"line":167,"column":7}},"46":{"start":{"line":162,"column":20},"end":{"line":162,"column":67}},"47":{"start":{"line":163,"column":21},"end":{"line":163,"column":69}},"48":{"start":{"line":164,"column":6},"end":{"line":166,"column":7}},"49":{"start":{"line":165,"column":8},"end":{"line":165,"column":62}},"50":{"start":{"line":171,"column":24},"end":{"line":183,"column":1}},"51":{"start":{"line":172,"column":2},"end":{"line":182,"column":4}},"52":{"start":{"line":185,"column":30},"end":{"line":191,"column":1}},"53":{"start":{"line":187,"column":2},"end":{"line":190,"column":5}},"54":{"start":{"line":188,"column":17},"end":{"line":188,"column":54}},"55":{"start":{"line":189,"column":4},"end":{"line":189,"column":32}},"56":{"start":{"line":193,"column":29},"end":{"line":201,"column":1}},"57":{"start":{"line":195,"column":2},"end":{"line":200,"column":10}},"58":{"start":{"line":203,"column":27},"end":{"line":208,"column":1}},"59":{"start":{"line":204,"column":2},"end":{"line":207,"column":32}},"60":{"start":{"line":210,"column":24},"end":{"line":222,"column":1}},"61":{"start":{"line":211,"column":2},"end":{"line":221,"column":38}},"62":{"start":{"line":224,"column":30},"end":{"line":230,"column":1}},"63":{"start":{"line":226,"column":2},"end":{"line":229,"column":5}},"64":{"start":{"line":227,"column":17},"end":{"line":227,"column":44}},"65":{"start":{"line":228,"column":4},"end":{"line":228,"column":32}},"66":{"start":{"line":234,"column":0},"end":{"line":252,"column":2}}},"fnMap":{"0":{"name":"(anonymous_0)","decl":{"start":{"line":5,"column":20},"end":{"line":5,"column":21}},"loc":{"start":{"line":5,"column":39},"end":{"line":12,"column":1}},"line":5},"1":{"name":"(anonymous_1)","decl":{"start":{"line":9,"column":10},"end":{"line":9,"column":11}},"loc":{"start":{"line":9,"column":17},"end":{"line":11,"column":5}},"line":9},"2":{"name":"(anonymous_2)","decl":{"start":{"line":14,"column":20},"end":{"line":14,"column":21}},"loc":{"start":{"line":14,"column":40},"end":{"line":21,"column":1}},"line":14},"3":{"name":"(anonymous_3)","decl":{"start":{"line":18,"column":10},"end":{"line":18,"column":11}},"loc":{"start":{"line":18,"column":17},"end":{"line":20,"column":5}},"line":18},"4":{"name":"(anonymous_4)","decl":{"start":{"line":24,"column":21},"end":{"line":24,"column":22}},"loc":{"start":{"line":24,"column":40},"end":{"line":39,"column":1}},"line":24},"5":{"name":"(anonymous_5)","decl":{"start":{"line":27,"column":35},"end":{"line":27,"column":36}},"loc":{"start":{"line":27,"column":43},"end":{"line":33,"column":5}},"line":27},"6":{"name":"(anonymous_6)","decl":{"start":{"line":41,"column":28},"end":{"line":41,"column":29}},"loc":{"start":{"line":41,"column":47},"end":{"line":52,"column":1}},"line":41},"7":{"name":"(anonymous_7)","decl":{"start":{"line":54,"column":29},"end":{"line":54,"column":30}},"loc":{"start":{"line":54,"column":53},"end":{"line":58,"column":1}},"line":54},"8":{"name":"(anonymous_8)","decl":{"start":{"line":61,"column":23},"end":{"line":61,"column":24}},"loc":{"start":{"line":61,"column":33},"end":{"line":69,"column":1}},"line":61},"9":{"name":"(anonymous_9)","decl":{"start":{"line":71,"column":26},"end":{"line":71,"column":27}},"loc":{"start":{"line":71,"column":41},"end":{"line":78,"column":1}},"line":71},"10":{"name":"(anonymous_10)","decl":{"start":{"line":80,"column":23},"end":{"line":80,"column":24}},"loc":{"start":{"line":80,"column":38},"end":{"line":87,"column":1}},"line":80},"11":{"name":"(anonymous_11)","decl":{"start":{"line":89,"column":29},"end":{"line":89,"column":30}},"loc":{"start":{"line":89,"column":33},"end":{"line":93,"column":1}},"line":89},"12":{"name":"(anonymous_12)","decl":{"start":{"line":95,"column":26},"end":{"line":95,"column":27}},"loc":{"start":{"line":95,"column":45},"end":{"line":102,"column":1}},"line":95},"13":{"name":"(anonymous_13)","decl":{"start":{"line":99,"column":8},"end":{"line":99,"column":9}},"loc":{"start":{"line":99,"column":13},"end":{"line":101,"column":3}},"line":99},"14":{"name":"(anonymous_14)","decl":{"start":{"line":104,"column":28},"end":{"line":104,"column":29}},"loc":{"start":{"line":104,"column":43},"end":{"line":112,"column":1}},"line":104},"15":{"name":"(anonymous_15)","decl":{"start":{"line":114,"column":32},"end":{"line":114,"column":33}},"loc":{"start":{"line":114,"column":52},"end":{"line":121,"column":1}},"line":114},"16":{"name":"(anonymous_16)","decl":{"start":{"line":116,"column":30},"end":{"line":116,"column":31}},"loc":{"start":{"line":116,"column":44},"end":{"line":119,"column":3}},"line":116},"17":{"name":"(anonymous_17)","decl":{"start":{"line":123,"column":24},"end":{"line":123,"column":25}},"loc":{"start":{"line":123,"column":34},"end":{"line":133,"column":1}},"line":123},"18":{"name":"(anonymous_18)","decl":{"start":{"line":136,"column":34},"end":{"line":136,"column":35}},"loc":{"start":{"line":136,"column":56},"end":{"line":141,"column":1}},"line":136},"19":{"name":"(anonymous_19)","decl":{"start":{"line":143,"column":36},"end":{"line":143,"column":37}},"loc":{"start":{"line":143,"column":58},"end":{"line":149,"column":1}},"line":143},"20":{"name":"(anonymous_20)","decl":{"start":{"line":152,"column":28},"end":{"line":152,"column":29}},"loc":{"start":{"line":152,"column":38},"end":{"line":169,"column":1}},"line":152},"21":{"name":"(anonymous_21)","decl":{"start":{"line":159,"column":8},"end":{"line":159,"column":9}},"loc":{"start":{"line":159,"column":27},"end":{"line":168,"column":3}},"line":159},"22":{"name":"(anonymous_22)","decl":{"start":{"line":161,"column":38},"end":{"line":161,"column":39}},"loc":{"start":{"line":161,"column":50},"end":{"line":167,"column":5}},"line":161},"23":{"name":"(anonymous_23)","decl":{"start":{"line":171,"column":24},"end":{"line":171,"column":25}},"loc":{"start":{"line":171,"column":42},"end":{"line":183,"column":1}},"line":171},"24":{"name":"(anonymous_24)","decl":{"start":{"line":185,"column":30},"end":{"line":185,"column":31}},"loc":{"start":{"line":185,"column":57},"end":{"line":191,"column":1}},"line":185},"25":{"name":"(anonymous_25)","decl":{"start":{"line":187,"column":34},"end":{"line":187,"column":35}},"loc":{"start":{"line":187,"column":47},"end":{"line":190,"column":3}},"line":187},"26":{"name":"(anonymous_26)","decl":{"start":{"line":193,"column":29},"end":{"line":193,"column":30}},"loc":{"start":{"line":193,"column":39},"end":{"line":201,"column":1}},"line":193},"27":{"name":"(anonymous_27)","decl":{"start":{"line":203,"column":27},"end":{"line":203,"column":28}},"loc":{"start":{"line":203,"column":39},"end":{"line":208,"column":1}},"line":203},"28":{"name":"(anonymous_28)","decl":{"start":{"line":210,"column":24},"end":{"line":210,"column":25}},"loc":{"start":{"line":210,"column":32},"end":{"line":222,"column":1}},"line":210},"29":{"name":"(anonymous_29)","decl":{"start":{"line":224,"column":30},"end":{"line":224,"column":31}},"loc":{"start":{"line":224,"column":42},"end":{"line":230,"column":1}},"line":224},"30":{"name":"(anonymous_30)","decl":{"start":{"line":226,"column":34},"end":{"line":226,"column":35}},"loc":{"start":{"line":226,"column":47},"end":{"line":229,"column":3}},"line":226}},"branchMap":{"0":{"loc":{"start":{"line":28,"column":6},"end":{"line":32,"column":7}},"type":"if","locations":[{"start":{"line":28,"column":6},"end":{"line":32,"column":7}},{"start":{"line":28,"column":6},"end":{"line":32,"column":7}}],"line":28},"1":{"loc":{"start":{"line":35,"column":4},"end":{"line":37,"column":5}},"type":"if","locations":[{"start":{"line":35,"column":4},"end":{"line":37,"column":5}},{"start":{"line":35,"column":4},"end":{"line":37,"column":5}}],"line":35},"2":{"loc":{"start":{"line":164,"column":6},"end":{"line":166,"column":7}},"type":"if","locations":[{"start":{"line":164,"column":6},"end":{"line":166,"column":7}},{"start":{"line":164,"column":6},"end":{"line":166,"column":7}}],"line":164},"3":{"loc":{"start":{"line":176,"column":12},"end":{"line":176,"column":84}},"type":"cond-expr","locations":[{"start":{"line":176,"column":38},"end":{"line":176,"column":61}},{"start":{"line":176,"column":63},"end":{"line":176,"column":84}}],"line":176},"4":{"loc":{"start":{"line":177,"column":18},"end":{"line":177,"column":68}},"type":"cond-expr","locations":[{"start":{"line":177,"column":39},"end":{"line":177,"column":57}},{"start":{"line":177,"column":59},"end":{"line":177,"column":68}}],"line":177},"5":{"loc":{"start":{"line":215,"column":12},"end":{"line":215,"column":84}},"type":"cond-expr","locations":[{"start":{"line":215,"column":38},"end":{"line":215,"column":61}},{"start":{"line":215,"column":63},"end":{"line":215,"column":84}}],"line":215},"6":{"loc":{"start":{"line":216,"column":18},"end":{"line":216,"column":68}},"type":"cond-expr","locations":[{"start":{"line":216,"column":39},"end":{"line":216,"column":57}},{"start":{"line":216,"column":59},"end":{"line":216,"column":68}}],"line":216}},"s":{"0":0,"1":0,"2":0,"3":0,"4":0,"5":0,"6":0,"7":0,"8":0,"9":0,"10":0,"11":0,"12":0,"13":0,"14":0,"15":0,"16":0,"17":0,"18":0,"19":0,"20":0,"21":0,"22":0,"23":0,"24":0,"25":0,"26":0,"27":0,"28":0,"29":0,"30":0,"31":0,"32":0,"33":0,"34":0,"35":0,"36":0,"37":0,"38":0,"39":0,"40":0,"41":0,"42":0,"43":0,"44":0,"45":0,"46":0,"47":0,"48":0,"49":0,"50":0,"51":0,"52":0,"53":0,"54":0,"55":0,"56":0,"57":0,"58":0,"59":0,"60":0,"61":0,"62":0,"63":0,"64":0,"65":0,"66":0},"f":{"0":0,"1":0,"2":0,"3":0,"4":0,"5":0,"6":0,"7":0,"8":0,"9":0,"10":0,"11":0,"12":0,"13":0,"14":0,"15":0,"16":0,"17":0,"18":0,"19":0,"20":0,"21":0,"22":0,"23":0,"24":0,"25":0,"26":0,"27":0,"28":0,"29":0,"30":0},"b":{"0":[0,0],"1":[0,0],"2":[0,0],"3":[0,0],"4":[0,0],"5":[0,0],"6":[0,0]}}
,"D:\\Development\\Lambda\\BudgetBlocks\\budget-blocks-be\\plaid\\plaidRouter.js": {"path":"D:\\Development\\Lambda\\BudgetBlocks\\budget-blocks-be\\plaid\\plaidRouter.js","statementMap":{"0":{"start":{"line":1,"column":0},"end":{"line":1,"column":27}},"1":{"start":{"line":2,"column":16},"end":{"line":2,"column":34}},"2":{"start":{"line":3,"column":14},"end":{"line":3,"column":30}},"3":{"start":{"line":4,"column":11},"end":{"line":4,"column":37}},"4":{"start":{"line":5,"column":13},"end":{"line":5,"column":33}},"5":{"start":{"line":7,"column":25},"end":{"line":7,"column":66}},"6":{"start":{"line":8,"column":22},"end":{"line":8,"column":56}},"7":{"start":{"line":10,"column":15},"end":{"line":10,"column":31}},"8":{"start":{"line":12,"column":15},"end":{"line":18,"column":1}},"9":{"start":{"line":23,"column":2},"end":{"line":34,"column":3}},"10":{"start":{"line":24,"column":4},"end":{"line":24,"column":80}},"11":{"start":{"line":27,"column":4},"end":{"line":33,"column":5}},"12":{"start":{"line":28,"column":6},"end":{"line":28,"column":80}},"13":{"start":{"line":32,"column":6},"end":{"line":32,"column":13}},"14":{"start":{"line":37,"column":0},"end":{"line":78,"column":3}},"15":{"start":{"line":38,"column":26},"end":{"line":38,"column":34}},"16":{"start":{"line":39,"column":21},"end":{"line":39,"column":29}},"17":{"start":{"line":41,"column":2},"end":{"line":46,"column":3}},"18":{"start":{"line":42,"column":4},"end":{"line":45,"column":7}},"19":{"start":{"line":48,"column":2},"end":{"line":77,"column":3}},"20":{"start":{"line":49,"column":29},"end":{"line":49,"column":74}},"21":{"start":{"line":51,"column":21},"end":{"line":51,"column":63}},"22":{"start":{"line":53,"column":21},"end":{"line":53,"column":55}},"23":{"start":{"line":55,"column":19},"end":{"line":55,"column":61}},"24":{"start":{"line":57,"column":25},"end":{"line":57,"column":62}},"25":{"start":{"line":59,"column":25},"end":{"line":59,"column":73}},"26":{"start":{"line":63,"column":21},"end":{"line":68,"column":5}},"27":{"start":{"line":65,"column":25},"end":{"line":65,"column":68}},"28":{"start":{"line":66,"column":8},"end":{"line":66,"column":17}},"29":{"start":{"line":70,"column":4},"end":{"line":73,"column":7}},"30":{"start":{"line":75,"column":4},"end":{"line":75,"column":31}},"31":{"start":{"line":76,"column":4},"end":{"line":76,"column":66}},"32":{"start":{"line":81,"column":0},"end":{"line":198,"column":3}},"33":{"start":{"line":82,"column":15},"end":{"line":82,"column":23}},"34":{"start":{"line":85,"column":2},"end":{"line":197,"column":3}},"35":{"start":{"line":86,"column":4},"end":{"line":86,"column":38}},"36":{"start":{"line":88,"column":4},"end":{"line":138,"column":5}},"37":{"start":{"line":90,"column":29},"end":{"line":93,"column":7}},"38":{"start":{"line":95,"column":6},"end":{"line":95,"column":61}},"39":{"start":{"line":98,"column":31},"end":{"line":98,"column":73}},"40":{"start":{"line":100,"column":6},"end":{"line":100,"column":71}},"41":{"start":{"line":102,"column":31},"end":{"line":106,"column":7}},"42":{"start":{"line":108,"column":6},"end":{"line":118,"column":7}},"43":{"start":{"line":109,"column":30},"end":{"line":112,"column":9}},"44":{"start":{"line":114,"column":8},"end":{"line":117,"column":11}},"45":{"start":{"line":121,"column":19},"end":{"line":124,"column":7}},"46":{"start":{"line":127,"column":6},"end":{"line":134,"column":7}},"47":{"start":{"line":128,"column":29},"end":{"line":131,"column":9}},"48":{"start":{"line":132,"column":8},"end":{"line":132,"column":58}},"49":{"start":{"line":133,"column":8},"end":{"line":133,"column":24}},"50":{"start":{"line":136,"column":6},"end":{"line":136,"column":39}},"51":{"start":{"line":137,"column":6},"end":{"line":137,"column":22}},"52":{"start":{"line":139,"column":9},"end":{"line":197,"column":3}},"53":{"start":{"line":140,"column":4},"end":{"line":140,"column":40}},"54":{"start":{"line":142,"column":24},"end":{"line":142,"column":45}},"55":{"start":{"line":144,"column":4},"end":{"line":196,"column":5}},"56":{"start":{"line":146,"column":29},"end":{"line":149,"column":7}},"57":{"start":{"line":151,"column":6},"end":{"line":151,"column":61}},"58":{"start":{"line":154,"column":31},"end":{"line":154,"column":73}},"59":{"start":{"line":156,"column":6},"end":{"line":156,"column":71}},"60":{"start":{"line":159,"column":31},"end":{"line":164,"column":7}},"61":{"start":{"line":166,"column":6},"end":{"line":176,"column":7}},"62":{"start":{"line":167,"column":30},"end":{"line":170,"column":9}},"63":{"start":{"line":172,"column":8},"end":{"line":175,"column":11}},"64":{"start":{"line":179,"column":19},"end":{"line":182,"column":7}},"65":{"start":{"line":185,"column":6},"end":{"line":191,"column":7}},"66":{"start":{"line":186,"column":29},"end":{"line":189,"column":9}},"67":{"start":{"line":190,"column":8},"end":{"line":190,"column":58}},"68":{"start":{"line":193,"column":6},"end":{"line":193,"column":22}},"69":{"start":{"line":195,"column":6},"end":{"line":195,"column":39}},"70":{"start":{"line":200,"column":0},"end":{"line":259,"column":3}},"71":{"start":{"line":201,"column":13},"end":{"line":201,"column":26}},"72":{"start":{"line":203,"column":2},"end":{"line":258,"column":3}},"73":{"start":{"line":205,"column":19},"end":{"line":205,"column":47}},"74":{"start":{"line":206,"column":21},"end":{"line":206,"column":54}},"75":{"start":{"line":209,"column":4},"end":{"line":254,"column":5}},"76":{"start":{"line":210,"column":19},"end":{"line":210,"column":22}},"77":{"start":{"line":211,"column":6},"end":{"line":213,"column":69}},"78":{"start":{"line":215,"column":6},"end":{"line":253,"column":7}},"79":{"start":{"line":218,"column":29},"end":{"line":218,"column":61}},"80":{"start":{"line":219,"column":22},"end":{"line":223,"column":12}},"81":{"start":{"line":220,"column":12},"end":{"line":222,"column":13}},"82":{"start":{"line":221,"column":14},"end":{"line":221,"column":25}},"83":{"start":{"line":225,"column":26},"end":{"line":225,"column":66}},"84":{"start":{"line":226,"column":10},"end":{"line":240,"column":11}},"85":{"start":{"line":228,"column":12},"end":{"line":228,"column":41}},"86":{"start":{"line":229,"column":29},"end":{"line":229,"column":69}},"87":{"start":{"line":230,"column":12},"end":{"line":230,"column":74}},"88":{"start":{"line":233,"column":29},"end":{"line":233,"column":45}},"89":{"start":{"line":235,"column":36},"end":{"line":235,"column":76}},"90":{"start":{"line":237,"column":29},"end":{"line":237,"column":69}},"91":{"start":{"line":239,"column":12},"end":{"line":239,"column":74}},"92":{"start":{"line":241,"column":10},"end":{"line":241,"column":16}},"93":{"start":{"line":243,"column":29},"end":{"line":243,"column":32}},"94":{"start":{"line":244,"column":10},"end":{"line":246,"column":73}},"95":{"start":{"line":247,"column":10},"end":{"line":247,"column":16}},"96":{"start":{"line":249,"column":30},"end":{"line":249,"column":33}},"97":{"start":{"line":250,"column":10},"end":{"line":252,"column":74}},"98":{"start":{"line":256,"column":4},"end":{"line":256,"column":49}},"99":{"start":{"line":257,"column":4},"end":{"line":257,"column":63}},"100":{"start":{"line":261,"column":0},"end":{"line":261,"column":24}}},"fnMap":{"0":{"name":"publicTokenExists","decl":{"start":{"line":21,"column":9},"end":{"line":21,"column":26}},"loc":{"start":{"line":21,"column":43},"end":{"line":35,"column":1}},"line":21},"1":{"name":"(anonymous_1)","decl":{"start":{"line":37,"column":50},"end":{"line":37,"column":51}},"loc":{"start":{"line":37,"column":70},"end":{"line":78,"column":1}},"line":37},"2":{"name":"(anonymous_2)","decl":{"start":{"line":64,"column":15},"end":{"line":64,"column":16}},"loc":{"start":{"line":64,"column":26},"end":{"line":67,"column":7}},"line":64},"3":{"name":"(anonymous_3)","decl":{"start":{"line":81,"column":39},"end":{"line":81,"column":40}},"loc":{"start":{"line":81,"column":59},"end":{"line":198,"column":1}},"line":81},"4":{"name":"(anonymous_4)","decl":{"start":{"line":200,"column":50},"end":{"line":200,"column":51}},"loc":{"start":{"line":200,"column":70},"end":{"line":259,"column":1}},"line":200},"5":{"name":"(anonymous_5)","decl":{"start":{"line":219,"column":40},"end":{"line":219,"column":41}},"loc":{"start":{"line":219,"column":47},"end":{"line":223,"column":11}},"line":219}},"branchMap":{"0":{"loc":{"start":{"line":23,"column":2},"end":{"line":34,"column":3}},"type":"if","locations":[{"start":{"line":23,"column":2},"end":{"line":34,"column":3}},{"start":{"line":23,"column":2},"end":{"line":34,"column":3}}],"line":23},"1":{"loc":{"start":{"line":27,"column":4},"end":{"line":33,"column":5}},"type":"if","locations":[{"start":{"line":27,"column":4},"end":{"line":33,"column":5}},{"start":{"line":27,"column":4},"end":{"line":33,"column":5}}],"line":27},"2":{"loc":{"start":{"line":41,"column":2},"end":{"line":46,"column":3}},"type":"if","locations":[{"start":{"line":41,"column":2},"end":{"line":46,"column":3}},{"start":{"line":41,"column":2},"end":{"line":46,"column":3}}],"line":41},"3":{"loc":{"start":{"line":41,"column":6},"end":{"line":41,"column":29}},"type":"binary-expr","locations":[{"start":{"line":41,"column":6},"end":{"line":41,"column":18}},{"start":{"line":41,"column":22},"end":{"line":41,"column":29}}],"line":41},"4":{"loc":{"start":{"line":85,"column":2},"end":{"line":197,"column":3}},"type":"if","locations":[{"start":{"line":85,"column":2},"end":{"line":197,"column":3}},{"start":{"line":85,"column":2},"end":{"line":197,"column":3}}],"line":85},"5":{"loc":{"start":{"line":108,"column":6},"end":{"line":118,"column":7}},"type":"if","locations":[{"start":{"line":108,"column":6},"end":{"line":118,"column":7}},{"start":{"line":108,"column":6},"end":{"line":118,"column":7}}],"line":108},"6":{"loc":{"start":{"line":127,"column":6},"end":{"line":134,"column":7}},"type":"if","locations":[{"start":{"line":127,"column":6},"end":{"line":134,"column":7}},{"start":{"line":127,"column":6},"end":{"line":134,"column":7}}],"line":127},"7":{"loc":{"start":{"line":139,"column":9},"end":{"line":197,"column":3}},"type":"if","locations":[{"start":{"line":139,"column":9},"end":{"line":197,"column":3}},{"start":{"line":139,"column":9},"end":{"line":197,"column":3}}],"line":139},"8":{"loc":{"start":{"line":166,"column":6},"end":{"line":176,"column":7}},"type":"if","locations":[{"start":{"line":166,"column":6},"end":{"line":176,"column":7}},{"start":{"line":166,"column":6},"end":{"line":176,"column":7}}],"line":166},"9":{"loc":{"start":{"line":185,"column":6},"end":{"line":191,"column":7}},"type":"if","locations":[{"start":{"line":185,"column":6},"end":{"line":191,"column":7}},{"start":{"line":185,"column":6},"end":{"line":191,"column":7}}],"line":185},"10":{"loc":{"start":{"line":209,"column":4},"end":{"line":254,"column":5}},"type":"if","locations":[{"start":{"line":209,"column":4},"end":{"line":254,"column":5}},{"start":{"line":209,"column":4},"end":{"line":254,"column":5}}],"line":209},"11":{"loc":{"start":{"line":215,"column":6},"end":{"line":253,"column":7}},"type":"switch","locations":[{"start":{"line":217,"column":8},"end":{"line":241,"column":16}},{"start":{"line":242,"column":8},"end":{"line":247,"column":16}},{"start":{"line":248,"column":8},"end":{"line":252,"column":74}}],"line":215},"12":{"loc":{"start":{"line":220,"column":12},"end":{"line":222,"column":13}},"type":"if","locations":[{"start":{"line":220,"column":12},"end":{"line":222,"column":13}},{"start":{"line":220,"column":12},"end":{"line":222,"column":13}}],"line":220},"13":{"loc":{"start":{"line":226,"column":10},"end":{"line":240,"column":11}},"type":"if","locations":[{"start":{"line":226,"column":10},"end":{"line":240,"column":11}},{"start":{"line":226,"column":10},"end":{"line":240,"column":11}}],"line":226}},"s":{"0":0,"1":0,"2":0,"3":0,"4":0,"5":0,"6":0,"7":0,"8":0,"9":0,"10":0,"11":0,"12":0,"13":0,"14":0,"15":0,"16":0,"17":0,"18":0,"19":0,"20":0,"21":0,"22":0,"23":0,"24":0,"25":0,"26":0,"27":0,"28":0,"29":0,"30":0,"31":0,"32":0,"33":0,"34":0,"35":0,"36":0,"37":0,"38":0,"39":0,"40":0,"41":0,"42":0,"43":0,"44":0,"45":0,"46":0,"47":0,"48":0,"49":0,"50":0,"51":0,"52":0,"53":0,"54":0,"55":0,"56":0,"57":0,"58":0,"59":0,"60":0,"61":0,"62":0,"63":0,"64":0,"65":0,"66":0,"67":0,"68":0,"69":0,"70":0,"71":0,"72":0,"73":0,"74":0,"75":0,"76":0,"77":0,"78":0,"79":0,"80":0,"81":0,"82":0,"83":0,"84":0,"85":0,"86":0,"87":0,"88":0,"89":0,"90":0,"91":0,"92":0,"93":0,"94":0,"95":0,"96":0,"97":0,"98":0,"99":0,"100":0},"f":{"0":0,"1":0,"2":0,"3":0,"4":0,"5":0},"b":{"0":[0,0],"1":[0,0],"2":[0,0],"3":[0,0],"4":[0,0],"5":[0,0],"6":[0,0],"7":[0,0],"8":[0,0],"9":[0,0],"10":[0,0],"11":[0,0,0],"12":[0,0],"13":[0,0]}}
,"D:\\Development\\Lambda\\BudgetBlocks\\budget-blocks-be\\plaid\\webhook-middleware.js": {"path":"D:\\Development\\Lambda\\BudgetBlocks\\budget-blocks-be\\plaid\\webhook-middleware.js","statementMap":{"0":{"start":{"line":1,"column":11},"end":{"line":1,"column":37}},"1":{"start":{"line":3,"column":0},"end":{"line":43,"column":1}},"2":{"start":{"line":5,"column":17},"end":{"line":5,"column":25}},"3":{"start":{"line":7,"column":4},"end":{"line":7,"column":50}},"4":{"start":{"line":9,"column":4},"end":{"line":42,"column":5}},"5":{"start":{"line":12,"column":24},"end":{"line":12,"column":36}},"6":{"start":{"line":14,"column":25},"end":{"line":14,"column":60}},"7":{"start":{"line":17,"column":23},"end":{"line":17,"column":55}},"8":{"start":{"line":20,"column":16},"end":{"line":20,"column":75}},"9":{"start":{"line":22,"column":18},"end":{"line":22,"column":28}},"10":{"start":{"line":23,"column":18},"end":{"line":23,"column":56}},"11":{"start":{"line":24,"column":18},"end":{"line":24,"column":82}},"12":{"start":{"line":26,"column":8},"end":{"line":38,"column":9}},"13":{"start":{"line":27,"column":26},"end":{"line":27,"column":58}},"14":{"start":{"line":28,"column":12},"end":{"line":28,"column":85}},"15":{"start":{"line":29,"column":12},"end":{"line":29,"column":62}},"16":{"start":{"line":30,"column":12},"end":{"line":30,"column":21}},"17":{"start":{"line":32,"column":12},"end":{"line":32,"column":34}},"18":{"start":{"line":33,"column":12},"end":{"line":33,"column":36}},"19":{"start":{"line":34,"column":12},"end":{"line":34,"column":32}},"20":{"start":{"line":35,"column":12},"end":{"line":35,"column":30}},"21":{"start":{"line":36,"column":12},"end":{"line":36,"column":26}},"22":{"start":{"line":37,"column":12},"end":{"line":37,"column":19}},"23":{"start":{"line":41,"column":8},"end":{"line":41,"column":41}}},"fnMap":{"0":{"name":"(anonymous_0)","decl":{"start":{"line":3,"column":17},"end":{"line":3,"column":18}},"loc":{"start":{"line":3,"column":38},"end":{"line":43,"column":1}},"line":3}},"branchMap":{"0":{"loc":{"start":{"line":26,"column":8},"end":{"line":38,"column":9}},"type":"if","locations":[{"start":{"line":26,"column":8},"end":{"line":38,"column":9}},{"start":{"line":26,"column":8},"end":{"line":38,"column":9}}],"line":26},"1":{"loc":{"start":{"line":26,"column":11},"end":{"line":26,"column":43}},"type":"binary-expr","locations":[{"start":{"line":26,"column":11},"end":{"line":26,"column":19}},{"start":{"line":26,"column":23},"end":{"line":26,"column":32}},{"start":{"line":26,"column":36},"end":{"line":26,"column":43}}],"line":26}},"s":{"0":0,"1":0,"2":0,"3":0,"4":0,"5":0,"6":0,"7":0,"8":0,"9":0,"10":0,"11":0,"12":0,"13":0,"14":0,"15":0,"16":0,"17":0,"18":0,"19":0,"20":0,"21":0,"22":0,"23":0},"f":{"0":0},"b":{"0":[0,0],"1":[0,0,0]}}
,"D:\\Development\\Lambda\\BudgetBlocks\\budget-blocks-be\\users\\paramCheck.js": {"path":"D:\\Development\\Lambda\\BudgetBlocks\\budget-blocks-be\\users\\paramCheck.js","statementMap":{"0":{"start":{"line":1,"column":0},"end":{"line":10,"column":1}},"1":{"start":{"line":2,"column":17},"end":{"line":2,"column":25}},"2":{"start":{"line":3,"column":15},"end":{"line":3,"column":32}},"3":{"start":{"line":5,"column":4},"end":{"line":9,"column":5}},"4":{"start":{"line":6,"column":6},"end":{"line":6,"column":116}},"5":{"start":{"line":8,"column":8},"end":{"line":8,"column":14}},"6":{"start":{"line":12,"column":0},"end":{"line":21,"column":1}},"7":{"start":{"line":13,"column":17},"end":{"line":13,"column":25}},"8":{"start":{"line":14,"column":15},"end":{"line":14,"column":32}},"9":{"start":{"line":16,"column":4},"end":{"line":20,"column":5}},"10":{"start":{"line":17,"column":6},"end":{"line":17,"column":90}},"11":{"start":{"line":19,"column":8},"end":{"line":19,"column":14}}},"fnMap":{"0":{"name":"(anonymous_0)","decl":{"start":{"line":1,"column":20},"end":{"line":1,"column":21}},"loc":{"start":{"line":1,"column":36},"end":{"line":10,"column":1}},"line":1},"1":{"name":"(anonymous_1)","decl":{"start":{"line":12,"column":15},"end":{"line":12,"column":16}},"loc":{"start":{"line":12,"column":31},"end":{"line":21,"column":1}},"line":12}},"branchMap":{"0":{"loc":{"start":{"line":5,"column":4},"end":{"line":9,"column":5}},"type":"if","locations":[{"start":{"line":5,"column":4},"end":{"line":9,"column":5}},{"start":{"line":5,"column":4},"end":{"line":9,"column":5}}],"line":5},"1":{"loc":{"start":{"line":5,"column":8},"end":{"line":5,"column":20}},"type":"binary-expr","locations":[{"start":{"line":5,"column":8},"end":{"line":5,"column":11}},{"start":{"line":5,"column":15},"end":{"line":5,"column":20}}],"line":5},"2":{"loc":{"start":{"line":16,"column":4},"end":{"line":20,"column":5}},"type":"if","locations":[{"start":{"line":16,"column":4},"end":{"line":20,"column":5}},{"start":{"line":16,"column":4},"end":{"line":20,"column":5}}],"line":16}},"s":{"0":2,"1":0,"2":0,"3":0,"4":0,"5":0,"6":2,"7":0,"8":0,"9":0,"10":0,"11":0},"f":{"0":0,"1":0},"b":{"0":[0,0],"1":[0,0],"2":[0,0]},"_coverageSchema":"1a1c01bbd47fc00a2c39e90264f33305004495a9","hash":"96e763e1eb1a35ee47b4d20a712e57f9457c675f"}
,"D:\\Development\\Lambda\\BudgetBlocks\\budget-blocks-be\\users\\users-model.js": {"path":"D:\\Development\\Lambda\\BudgetBlocks\\budget-blocks-be\\users\\users-model.js","statementMap":{"0":{"start":{"line":1,"column":11},"end":{"line":1,"column":39}},"1":{"start":{"line":3,"column":0},"end":{"line":14,"column":2}},"2":{"start":{"line":17,"column":2},"end":{"line":17,"column":21}},"3":{"start":{"line":21,"column":2},"end":{"line":26,"column":7}},"4":{"start":{"line":25,"column":6},"end":{"line":25,"column":20}},"5":{"start":{"line":31,"column":2},"end":{"line":34,"column":10}},"6":{"start":{"line":39,"column":2},"end":{"line":42,"column":12}},"7":{"start":{"line":46,"column":2},"end":{"line":53,"column":6}},"8":{"start":{"line":51,"column":26},"end":{"line":51,"column":57}},"9":{"start":{"line":52,"column":6},"end":{"line":52,"column":54}},"10":{"start":{"line":60,"column":2},"end":{"line":71,"column":7}},"11":{"start":{"line":65,"column":19},"end":{"line":65,"column":50}},"12":{"start":{"line":66,"column":6},"end":{"line":70,"column":7}},"13":{"start":{"line":67,"column":8},"end":{"line":67,"column":57}},"14":{"start":{"line":69,"column":8},"end":{"line":69,"column":58}},"15":{"start":{"line":76,"column":2},"end":{"line":80,"column":13}},"16":{"start":{"line":85,"column":2},"end":{"line":90,"column":28}},"17":{"start":{"line":94,"column":2},"end":{"line":97,"column":37}},"18":{"start":{"line":101,"column":2},"end":{"line":104,"column":37}},"19":{"start":{"line":108,"column":2},"end":{"line":111,"column":47}}},"fnMap":{"0":{"name":"allUsers","decl":{"start":{"line":16,"column":9},"end":{"line":16,"column":17}},"loc":{"start":{"line":16,"column":20},"end":{"line":18,"column":1}},"line":16},"1":{"name":"addUser","decl":{"start":{"line":20,"column":9},"end":{"line":20,"column":16}},"loc":{"start":{"line":20,"column":27},"end":{"line":27,"column":1}},"line":20},"2":{"name":"(anonymous_2)","decl":{"start":{"line":23,"column":10},"end":{"line":23,"column":11}},"loc":{"start":{"line":23,"column":17},"end":{"line":26,"column":5}},"line":23},"3":{"name":"get_total_budget","decl":{"start":{"line":29,"column":9},"end":{"line":29,"column":25}},"loc":{"start":{"line":29,"column":33},"end":{"line":35,"column":1}},"line":29},"4":{"name":"findUserBy","decl":{"start":{"line":38,"column":9},"end":{"line":38,"column":19}},"loc":{"start":{"line":38,"column":28},"end":{"line":43,"column":1}},"line":38},"5":{"name":"PLAID_find_user","decl":{"start":{"line":45,"column":9},"end":{"line":45,"column":24}},"loc":{"start":{"line":45,"column":33},"end":{"line":54,"column":1}},"line":45},"6":{"name":"(anonymous_6)","decl":{"start":{"line":50,"column":10},"end":{"line":50,"column":11}},"loc":{"start":{"line":50,"column":23},"end":{"line":53,"column":5}},"line":50},"7":{"name":"login","decl":{"start":{"line":59,"column":9},"end":{"line":59,"column":14}},"loc":{"start":{"line":59,"column":21},"end":{"line":72,"column":1}},"line":59},"8":{"name":"(anonymous_8)","decl":{"start":{"line":64,"column":10},"end":{"line":64,"column":11}},"loc":{"start":{"line":64,"column":24},"end":{"line":71,"column":5}},"line":64},"9":{"name":"checkAccessToken","decl":{"start":{"line":75,"column":9},"end":{"line":75,"column":25}},"loc":{"start":{"line":75,"column":34},"end":{"line":81,"column":1}},"line":75},"10":{"name":"returnUserCategories","decl":{"start":{"line":84,"column":9},"end":{"line":84,"column":29}},"loc":{"start":{"line":84,"column":38},"end":{"line":91,"column":1}},"line":84},"11":{"name":"editUserCategoryBudget","decl":{"start":{"line":93,"column":9},"end":{"line":93,"column":31}},"loc":{"start":{"line":93,"column":59},"end":{"line":98,"column":1}},"line":93},"12":{"name":"editUserIncome","decl":{"start":{"line":100,"column":9},"end":{"line":100,"column":23}},"loc":{"start":{"line":100,"column":37},"end":{"line":105,"column":1}},"line":100},"13":{"name":"editUserSaving","decl":{"start":{"line":107,"column":9},"end":{"line":107,"column":23}},"loc":{"start":{"line":107,"column":37},"end":{"line":112,"column":1}},"line":107}},"branchMap":{"0":{"loc":{"start":{"line":66,"column":6},"end":{"line":70,"column":7}},"type":"if","locations":[{"start":{"line":66,"column":6},"end":{"line":70,"column":7}},{"start":{"line":66,"column":6},"end":{"line":70,"column":7}}],"line":66}},"s":{"0":2,"1":2,"2":0,"3":1,"4":1,"5":0,"6":0,"7":0,"8":0,"9":0,"10":0,"11":0,"12":0,"13":0,"14":0,"15":0,"16":0,"17":0,"18":0,"19":0},"f":{"0":0,"1":1,"2":1,"3":0,"4":0,"5":0,"6":0,"7":0,"8":0,"9":0,"10":0,"11":0,"12":0,"13":0},"b":{"0":[0,0]},"_coverageSchema":"1a1c01bbd47fc00a2c39e90264f33305004495a9","hash":"4e4cc2058e0ae961d742b8d160a926a18faf175c"}
,"D:\\Development\\Lambda\\BudgetBlocks\\budget-blocks-be\\users\\users-router.js": {"path":"D:\\Development\\Lambda\\BudgetBlocks\\budget-blocks-be\\users\\users-router.js","statementMap":{"0":{"start":{"line":1,"column":15},"end":{"line":1,"column":42}},"1":{"start":{"line":2,"column":14},"end":{"line":2,"column":41}},"2":{"start":{"line":3,"column":19},"end":{"line":3,"column":62}},"3":{"start":{"line":4,"column":19},"end":{"line":4,"column":45}},"4":{"start":{"line":8,"column":11},"end":{"line":8,"column":28}},"5":{"start":{"line":10,"column":2},"end":{"line":26,"column":7}},"6":{"start":{"line":14,"column":6},"end":{"line":18,"column":7}},"7":{"start":{"line":15,"column":8},"end":{"line":15,"column":15}},"8":{"start":{"line":17,"column":8},"end":{"line":17,"column":80}},"9":{"start":{"line":21,"column":6},"end":{"line":21,"column":25}},"10":{"start":{"line":22,"column":6},"end":{"line":25,"column":9}},"11":{"start":{"line":29,"column":0},"end":{"line":38,"column":3}},"12":{"start":{"line":30,"column":2},"end":{"line":37,"column":7}},"13":{"start":{"line":32,"column":6},"end":{"line":32,"column":37}},"14":{"start":{"line":35,"column":6},"end":{"line":35,"column":25}},"15":{"start":{"line":36,"column":6},"end":{"line":36,"column":76}},"16":{"start":{"line":40,"column":0},"end":{"line":53,"column":2}},"17":{"start":{"line":41,"column":13},"end":{"line":41,"column":30}},"18":{"start":{"line":43,"column":2},"end":{"line":52,"column":3}},"19":{"start":{"line":45,"column":17},"end":{"line":45,"column":50}},"20":{"start":{"line":47,"column":4},"end":{"line":47,"column":32}},"21":{"start":{"line":50,"column":4},"end":{"line":50,"column":20}},"22":{"start":{"line":51,"column":4},"end":{"line":51,"column":61}},"23":{"start":{"line":56,"column":0},"end":{"line":77,"column":3}},"24":{"start":{"line":57,"column":13},"end":{"line":57,"column":30}},"25":{"start":{"line":59,"column":2},"end":{"line":76,"column":7}},"26":{"start":{"line":61,"column":6},"end":{"line":67,"column":7}},"27":{"start":{"line":62,"column":8},"end":{"line":62,"column":41}},"28":{"start":{"line":64,"column":8},"end":{"line":66,"column":70}},"29":{"start":{"line":70,"column":6},"end":{"line":70,"column":25}},"30":{"start":{"line":71,"column":6},"end":{"line":75,"column":11}},"31":{"start":{"line":79,"column":0},"end":{"line":107,"column":3}},"32":{"start":{"line":80,"column":13},"end":{"line":80,"column":30}},"33":{"start":{"line":81,"column":15},"end":{"line":81,"column":23}},"34":{"start":{"line":83,"column":2},"end":{"line":106,"column":3}},"35":{"start":{"line":84,"column":19},"end":{"line":84,"column":85}},"36":{"start":{"line":85,"column":4},"end":{"line":85,"column":51}},"37":{"start":{"line":86,"column":4},"end":{"line":102,"column":5}},"38":{"start":{"line":87,"column":6},"end":{"line":92,"column":9}},"39":{"start":{"line":94,"column":6},"end":{"line":101,"column":11}},"40":{"start":{"line":104,"column":4},"end":{"line":104,"column":41}},"41":{"start":{"line":105,"column":4},"end":{"line":105,"column":62}},"42":{"start":{"line":109,"column":0},"end":{"line":120,"column":2}},"43":{"start":{"line":110,"column":15},"end":{"line":110,"column":23}},"44":{"start":{"line":111,"column":13},"end":{"line":111,"column":30}},"45":{"start":{"line":113,"column":2},"end":{"line":118,"column":3}},"46":{"start":{"line":114,"column":17},"end":{"line":114,"column":52}},"47":{"start":{"line":115,"column":4},"end":{"line":115,"column":32}},"48":{"start":{"line":117,"column":4},"end":{"line":117,"column":57}},"49":{"start":{"line":122,"column":0},"end":{"line":133,"column":2}},"50":{"start":{"line":123,"column":15},"end":{"line":123,"column":23}},"51":{"start":{"line":124,"column":13},"end":{"line":124,"column":30}},"52":{"start":{"line":126,"column":2},"end":{"line":131,"column":3}},"53":{"start":{"line":127,"column":17},"end":{"line":127,"column":53}},"54":{"start":{"line":128,"column":4},"end":{"line":128,"column":32}},"55":{"start":{"line":130,"column":4},"end":{"line":130,"column":57}},"56":{"start":{"line":136,"column":0},"end":{"line":136,"column":24}}},"fnMap":{"0":{"name":"userExists","decl":{"start":{"line":7,"column":9},"end":{"line":7,"column":19}},"loc":{"start":{"line":7,"column":36},"end":{"line":27,"column":1}},"line":7},"1":{"name":"(anonymous_1)","decl":{"start":{"line":11,"column":10},"end":{"line":11,"column":11}},"loc":{"start":{"line":11,"column":22},"end":{"line":19,"column":5}},"line":11},"2":{"name":"(anonymous_2)","decl":{"start":{"line":20,"column":11},"end":{"line":20,"column":12}},"loc":{"start":{"line":20,"column":20},"end":{"line":26,"column":5}},"line":20},"3":{"name":"(anonymous_3)","decl":{"start":{"line":29,"column":28},"end":{"line":29,"column":29}},"loc":{"start":{"line":29,"column":42},"end":{"line":38,"column":1}},"line":29},"4":{"name":"(anonymous_4)","decl":{"start":{"line":31,"column":10},"end":{"line":31,"column":11}},"loc":{"start":{"line":31,"column":22},"end":{"line":33,"column":5}},"line":31},"5":{"name":"(anonymous_5)","decl":{"start":{"line":34,"column":11},"end":{"line":34,"column":12}},"loc":{"start":{"line":34,"column":20},"end":{"line":37,"column":5}},"line":34},"6":{"name":"(anonymous_6)","decl":{"start":{"line":40,"column":59},"end":{"line":40,"column":60}},"loc":{"start":{"line":40,"column":75},"end":{"line":53,"column":1}},"line":40},"7":{"name":"(anonymous_7)","decl":{"start":{"line":56,"column":65},"end":{"line":56,"column":66}},"loc":{"start":{"line":56,"column":79},"end":{"line":77,"column":1}},"line":56},"8":{"name":"(anonymous_8)","decl":{"start":{"line":60,"column":10},"end":{"line":60,"column":11}},"loc":{"start":{"line":60,"column":24},"end":{"line":68,"column":5}},"line":60},"9":{"name":"(anonymous_9)","decl":{"start":{"line":69,"column":11},"end":{"line":69,"column":12}},"loc":{"start":{"line":69,"column":20},"end":{"line":76,"column":5}},"line":69},"10":{"name":"(anonymous_10)","decl":{"start":{"line":79,"column":68},"end":{"line":79,"column":69}},"loc":{"start":{"line":79,"column":88},"end":{"line":107,"column":1}},"line":79},"11":{"name":"(anonymous_11)","decl":{"start":{"line":109,"column":64},"end":{"line":109,"column":65}},"loc":{"start":{"line":109,"column":80},"end":{"line":120,"column":1}},"line":109},"12":{"name":"(anonymous_12)","decl":{"start":{"line":122,"column":68},"end":{"line":122,"column":69}},"loc":{"start":{"line":122,"column":84},"end":{"line":133,"column":1}},"line":122}},"branchMap":{"0":{"loc":{"start":{"line":14,"column":6},"end":{"line":18,"column":7}},"type":"if","locations":[{"start":{"line":14,"column":6},"end":{"line":18,"column":7}},{"start":{"line":14,"column":6},"end":{"line":18,"column":7}}],"line":14},"1":{"loc":{"start":{"line":61,"column":6},"end":{"line":67,"column":7}},"type":"if","locations":[{"start":{"line":61,"column":6},"end":{"line":67,"column":7}},{"start":{"line":61,"column":6},"end":{"line":67,"column":7}}],"line":61},"2":{"loc":{"start":{"line":86,"column":4},"end":{"line":102,"column":5}},"type":"if","locations":[{"start":{"line":86,"column":4},"end":{"line":102,"column":5}},{"start":{"line":86,"column":4},"end":{"line":102,"column":5}}],"line":86}},"s":{"0":2,"1":2,"2":2,"3":2,"4":0,"5":0,"6":0,"7":0,"8":0,"9":0,"10":0,"11":2,"12":0,"13":0,"14":0,"15":0,"16":2,"17":0,"18":0,"19":0,"20":0,"21":0,"22":0,"23":2,"24":0,"25":0,"26":0,"27":0,"28":0,"29":0,"30":0,"31":2,"32":0,"33":0,"34":0,"35":0,"36":0,"37":0,"38":0,"39":0,"40":0,"41":0,"42":2,"43":0,"44":0,"45":0,"46":0,"47":0,"48":0,"49":2,"50":0,"51":0,"52":0,"53":0,"54":0,"55":0,"56":2},"f":{"0":0,"1":0,"2":0,"3":0,"4":0,"5":0,"6":0,"7":0,"8":0,"9":0,"10":0,"11":0,"12":0},"b":{"0":[0,0],"1":[0,0],"2":[0,0]},"_coverageSchema":"1a1c01bbd47fc00a2c39e90264f33305004495a9","hash":"cefe8c1383f887d422b28b704e5c451d1ccdab32"}
}
