TN:
SF:index.js
FN:4,(anonymous_0)
FNF:1
FNH:0
FNDA:0,(anonymous_0)
DA:1,0
DA:2,0
DA:4,0
DA:5,0
LF:4
LH:0
BRDA:2,0,0,0
BRDA:2,0,1,0
BRF:2
BRH:0
end_of_record
TN:
SF:knexfile.js
FNF:0
FNH:0
DA:2,1
DA:4,1
LF:2
LH:2
BRF:0
BRH:0
end_of_record
TN:
SF:server.js
FN:24,(anonymous_0)
FNF:1
FNH:0
FNDA:0,(anonymous_0)
DA:2,1
DA:3,1
DA:4,1
DA:5,1
DA:8,1
DA:9,1
DA:12,1
DA:13,1
DA:15,1
DA:16,1
DA:17,1
DA:18,1
DA:21,1
DA:22,1
DA:24,1
DA:25,0
DA:28,1
LF:17
LH:16
BRF:0
BRH:0
end_of_record
TN:
SF:okta\okta-model.js
FN:11,findUserByEmail
FN:16,addUser
FN:19,(anonymous_2)
FN:27,deleteUser
FN:32,findAllUsers
FNF:5
FNH:0
FNDA:0,findUserByEmail
FNDA:0,addUser
FNDA:0,(anonymous_2)
FNDA:0,deleteUser
FNDA:0,findAllUsers
DA:1,1
DA:3,1
DA:12,0
DA:17,0
DA:20,0
DA:22,0
DA:28,0
DA:33,0
LF:8
LH:2
BRF:0
BRH:0
end_of_record
TN:
SF:okta\okta-router.js
FN:53,(anonymous_0)
FN:56,(anonymous_1)
FN:59,(anonymous_2)
FN:68,(anonymous_3)
FN:79,(anonymous_4)
FN:85,(anonymous_5)
FN:88,(anonymous_6)
FN:94,(anonymous_7)
FN:101,(anonymous_8)
FN:106,(anonymous_9)
FN:109,(anonymous_10)
FN:115,(anonymous_11)
FNF:12
FNH:0
FNDA:0,(anonymous_0)
FNDA:0,(anonymous_1)
FNDA:0,(anonymous_2)
FNDA:0,(anonymous_3)
FNDA:0,(anonymous_4)
FNDA:0,(anonymous_5)
FNDA:0,(anonymous_6)
FNDA:0,(anonymous_7)
FNDA:0,(anonymous_8)
FNDA:0,(anonymous_9)
FNDA:0,(anonymous_10)
FNDA:0,(anonymous_11)
DA:1,1
DA:2,1
DA:5,1
DA:53,1
DA:54,0
DA:57,0
DA:60,0
DA:68,1
DA:69,0
DA:70,0
DA:77,0
DA:80,0
DA:81,0
DA:83,0
DA:86,0
DA:89,0
DA:90,0
DA:95,0
DA:96,0
DA:101,1
DA:102,0
DA:104,0
DA:107,0
DA:110,0
DA:115,1
DA:117,1
LF:26
LH:8
BRDA:80,0,0,0
BRDA:80,0,1,0
BRF:2
BRH:0
end_of_record
TN:
SF:okta\middleware\require_authentication.js
FN:15,(anonymous_0)
FN:28,(anonymous_1)
FN:32,(anonymous_2)
FNF:3
FNH:1
FNDA:2,(anonymous_0)
FNDA:0,(anonymous_1)
FNDA:0,(anonymous_2)
DA:1,1
DA:2,1
DA:4,1
DA:5,1
DA:7,1
DA:15,1
DA:16,2
DA:17,2
DA:19,2
DA:20,2
DA:23,0
DA:24,0
DA:26,0
DA:29,0
DA:30,0
DA:33,0
LF:16
LH:10
BRDA:16,0,0,2
BRDA:16,0,1,2
BRDA:19,1,0,2
BRDA:19,1,1,0
BRF:4
BRH:3
end_of_record
