TN:
SF:index.js
FN:4,(anonymous_0)
FNF:1
FNH:0
FNDA:0,(anonymous_0)
DA:1,0
DA:2,0
DA:4,0
DA:5,0
LF:4
LH:0
BRDA:2,0,0,0
BRDA:2,0,1,0
BRF:2
BRH:0
end_of_record
TN:
SF:knexfile.js
FN:18,(anonymous_0)
FNF:1
FNH:1
FNDA:1,(anonymous_0)
DA:2,3
DA:4,3
DA:19,1
LF:3
LH:3
BRF:0
BRH:0
end_of_record
TN:
SF:auth\auth-router.js
FN:6,validateUserCredentials
FN:24,userAlreadyExists
FN:28,(anonymous_2)
FN:39,(anonymous_3)
FN:50,(anonymous_4)
FN:54,(anonymous_5)
FN:62,(anonymous_6)
FN:65,(anonymous_7)
FN:72,(anonymous_8)
FN:77,(anonymous_9)
FN:78,(anonymous_10)
FN:92,(anonymous_11)
FN:98,signToken
FNF:13
FNH:6
FNDA:3,validateUserCredentials
FNDA:0,userAlreadyExists
FNDA:0,(anonymous_2)
FNDA:0,(anonymous_3)
FNDA:0,(anonymous_4)
FNDA:0,(anonymous_5)
FNDA:0,(anonymous_6)
FNDA:0,(anonymous_7)
FNDA:2,(anonymous_8)
FNDA:2,(anonymous_9)
FNDA:1,(anonymous_10)
FNDA:1,(anonymous_11)
FNDA:1,signToken
DA:1,3
DA:2,3
DA:3,3
DA:4,3
DA:8,3
DA:9,1
DA:12,2
DA:13,0
DA:14,2
DA:15,0
DA:19,2
DA:25,0
DA:27,0
DA:31,0
DA:32,0
DA:36,0
DA:40,0
DA:41,0
DA:47,3
DA:51,0
DA:54,0
DA:56,0
DA:57,0
DA:59,0
DA:61,0
DA:63,0
DA:66,0
DA:72,3
DA:74,2
DA:76,2
DA:78,2
DA:79,1
DA:80,0
DA:82,1
DA:83,1
DA:94,1
DA:99,1
DA:104,1
DA:106,1
DA:111,1
DA:114,3
LF:41
LH:23
BRDA:8,0,0,1
BRDA:8,0,1,2
BRDA:12,1,0,0
BRDA:12,1,1,2
BRDA:14,2,0,0
BRDA:14,2,1,2
BRDA:31,3,0,0
BRDA:31,3,1,0
BRDA:56,4,0,0
BRDA:56,4,1,0
BRDA:79,5,0,0
BRDA:79,5,1,1
BRDA:104,6,0,1
BRDA:104,6,1,0
BRF:14
BRH:6
end_of_record
TN:
SF:auth\restricted-middleware.js
FN:3,(anonymous_0)
FN:10,(anonymous_1)
FNF:2
FNH:0
FNDA:0,(anonymous_0)
FNDA:0,(anonymous_1)
DA:1,3
DA:3,3
DA:4,0
DA:6,0
DA:7,0
DA:10,0
DA:11,0
DA:12,0
DA:14,0
DA:15,0
DA:19,0
LF:11
LH:2
BRDA:6,0,0,0
BRDA:6,0,1,0
BRDA:7,1,0,0
BRDA:7,1,1,0
BRDA:11,2,0,0
BRDA:11,2,1,0
BRF:6
BRH:0
end_of_record
TN:
SF:manual\manualModel.js
FN:3,(anonymous_0)
FN:12,(anonymous_1)
FN:15,(anonymous_2)
FN:20,(anonymous_3)
FN:26,(anonymous_4)
FN:34,(anonymous_5)
FN:41,(anonymous_6)
FN:48,(anonymous_7)
FN:55,(anonymous_8)
FN:58,(anonymous_9)
FN:74,(anonymous_10)
FN:77,(anonymous_11)
FN:82,(anonymous_12)
FN:85,(anonymous_13)
FN:93,(anonymous_14)
FNF:15
FNH:0
FNDA:0,(anonymous_0)
FNDA:0,(anonymous_1)
FNDA:0,(anonymous_2)
FNDA:0,(anonymous_3)
FNDA:0,(anonymous_4)
FNDA:0,(anonymous_5)
FNDA:0,(anonymous_6)
FNDA:0,(anonymous_7)
FNDA:0,(anonymous_8)
FNDA:0,(anonymous_9)
FNDA:0,(anonymous_10)
FNDA:0,(anonymous_11)
FNDA:0,(anonymous_12)
FNDA:0,(anonymous_13)
FNDA:0,(anonymous_14)
DA:1,3
DA:3,3
DA:4,0
DA:13,0
DA:16,0
DA:20,3
DA:21,0
DA:26,3
DA:27,0
DA:34,3
DA:35,0
DA:41,3
DA:42,0
DA:48,3
DA:49,0
DA:56,0
DA:57,0
DA:59,0
DA:60,0
DA:61,0
DA:62,0
DA:63,0
DA:66,0
DA:71,0
DA:74,0
DA:77,3
DA:78,0
DA:82,3
DA:83,0
DA:86,0
DA:87,0
DA:89,0
DA:91,0
DA:94,0
DA:98,3
LF:35
LH:10
BRDA:62,0,0,0
BRDA:62,0,1,0
BRF:2
BRH:0
end_of_record
TN:
SF:manual\manualRouter.js
FN:14,(anonymous_0)
FN:21,(anonymous_1)
FN:40,(anonymous_2)
FN:57,(anonymous_3)
FN:72,(anonymous_4)
FN:77,(anonymous_5)
FN:90,(anonymous_6)
FNF:7
FNH:0
FNDA:0,(anonymous_0)
FNDA:0,(anonymous_1)
FNDA:0,(anonymous_2)
FNDA:0,(anonymous_3)
FNDA:0,(anonymous_4)
FNDA:0,(anonymous_5)
FNDA:0,(anonymous_6)
DA:2,3
DA:3,3
DA:5,3
DA:6,3
DA:9,3
DA:11,3
DA:12,3
DA:14,3
DA:16,0
DA:17,0
DA:20,0
DA:22,0
DA:23,0
DA:24,0
DA:26,0
DA:31,0
DA:33,0
DA:35,0
DA:36,0
DA:40,3
DA:41,0
DA:42,0
DA:43,0
DA:44,0
DA:46,0
DA:47,0
DA:48,0
DA:50,0
DA:51,0
DA:57,3
DA:58,0
DA:59,0
DA:60,0
DA:62,0
DA:63,0
DA:64,0
DA:66,0
DA:67,0
DA:72,3
DA:74,0
DA:75,0
DA:76,0
DA:77,0
DA:78,0
DA:79,0
DA:82,0
DA:85,0
DA:86,0
DA:90,3
DA:92,0
DA:93,0
DA:95,0
DA:97,0
DA:98,0
DA:101,0
DA:102,0
DA:109,3
LF:57
LH:13
BRDA:43,0,0,0
BRDA:43,0,1,0
BRDA:43,1,0,0
BRDA:43,1,1,0
BRDA:43,1,2,0
BRDA:78,2,0,0
BRDA:78,2,1,0
BRF:7
BRH:0
end_of_record
TN:
SF:users\paramCheck.js
FN:4,(anonymous_0)
FN:15,(anonymous_1)
FN:26,(anonymous_2)
FN:32,(anonymous_3)
FN:49,(anonymous_4)
FN:53,(anonymous_5)
FN:62,(anonymous_6)
FNF:7
FNH:0
FNDA:0,(anonymous_0)
FNDA:0,(anonymous_1)
FNDA:0,(anonymous_2)
FNDA:0,(anonymous_3)
FNDA:0,(anonymous_4)
FNDA:0,(anonymous_5)
FNDA:0,(anonymous_6)
DA:1,3
DA:2,3
DA:4,3
DA:5,0
DA:6,0
DA:8,0
DA:9,0
DA:11,0
DA:15,3
DA:16,0
DA:18,0
DA:19,0
DA:21,0
DA:26,3
DA:27,0
DA:28,0
DA:29,0
DA:32,0
DA:33,0
DA:34,0
DA:36,0
DA:37,0
DA:39,0
DA:49,3
DA:50,0
DA:52,0
DA:56,0
DA:57,0
DA:59,0
DA:63,0
DA:64,0
LF:31
LH:6
BRDA:8,0,0,0
BRDA:8,0,1,0
BRDA:8,1,0,0
BRDA:8,1,1,0
BRDA:8,1,2,0
BRDA:18,2,0,0
BRDA:18,2,1,0
BRDA:18,3,0,0
BRDA:18,3,1,0
BRDA:29,4,0,0
BRDA:29,4,1,0
BRDA:33,5,0,0
BRDA:33,5,1,0
BRDA:36,6,0,0
BRDA:36,6,1,0
BRDA:56,7,0,0
BRDA:56,7,1,0
BRF:17
BRH:0
end_of_record
TN:
SF:users\users-model.js
FN:16,allUsers
FN:20,addUser
FN:23,(anonymous_2)
FN:27,(anonymous_3)
FN:30,get_total_budget
FN:38,findUserBy
FN:45,PLAID_find_user
FN:50,(anonymous_7)
FN:58,(anonymous_8)
FN:64,login
FN:69,(anonymous_10)
FN:81,(anonymous_11)
FN:85,returnUserCategories
FN:101,editUserCategoryBudget
FN:108,editUserIncome
FN:115,editUserSaving
FNF:16
FNH:4
FNDA:0,allUsers
FNDA:1,addUser
FNDA:1,(anonymous_2)
FNDA:0,(anonymous_3)
FNDA:0,get_total_budget
FNDA:0,findUserBy
FNDA:0,PLAID_find_user
FNDA:0,(anonymous_7)
FNDA:0,(anonymous_8)
FNDA:2,login
FNDA:2,(anonymous_10)
FNDA:0,(anonymous_11)
FNDA:0,returnUserCategories
FNDA:0,editUserCategoryBudget
FNDA:0,editUserIncome
FNDA:0,editUserSaving
DA:1,3
DA:2,3
DA:4,3
DA:17,0
DA:21,1
DA:25,1
DA:27,0
DA:31,0
DA:39,0
DA:46,0
DA:51,0
DA:52,0
DA:53,0
DA:55,0
DA:58,0
DA:65,2
DA:70,2
DA:71,2
DA:72,1
DA:73,0
DA:75,1
DA:78,1
DA:81,0
DA:86,0
DA:102,0
DA:109,0
DA:116,0
LF:27
LH:11
BRDA:72,0,0,0
BRDA:72,0,1,1
BRF:2
BRH:1
end_of_record
TN:
SF:users\users-router.js
FN:9,(anonymous_0)
FN:11,(anonymous_1)
FN:14,(anonymous_2)
FN:25,(anonymous_3)
FN:45,(anonymous_4)
FN:49,(anonymous_5)
FN:58,(anonymous_6)
FN:72,(anonymous_7)
FN:109,(anonymous_8)
FN:127,(anonymous_9)
FNF:10
FNH:0
FNDA:0,(anonymous_0)
FNDA:0,(anonymous_1)
FNDA:0,(anonymous_2)
FNDA:0,(anonymous_3)
FNDA:0,(anonymous_4)
FNDA:0,(anonymous_5)
FNDA:0,(anonymous_6)
FNDA:0,(anonymous_7)
FNDA:0,(anonymous_8)
FNDA:0,(anonymous_9)
DA:1,3
DA:2,3
DA:3,3
DA:4,3
DA:5,3
DA:9,3
DA:10,0
DA:12,0
DA:15,0
DA:16,0
DA:20,3
DA:26,0
DA:28,0
DA:29,0
DA:31,0
DA:33,0
DA:34,0
DA:40,3
DA:46,0
DA:48,0
DA:50,0
DA:51,0
DA:53,0
DA:59,0
DA:60,0
DA:67,3
DA:73,0
DA:74,0
DA:76,0
DA:77,0
DA:82,0
DA:83,0
DA:90,0
DA:98,0
DA:99,0
DA:104,3
DA:110,0
DA:111,0
DA:113,0
DA:114,0
DA:115,0
DA:117,0
DA:122,3
DA:128,0
DA:129,0
DA:131,0
DA:132,0
DA:133,0
DA:135,0
DA:140,3
LF:50
LH:12
BRDA:50,0,0,0
BRDA:50,0,1,0
BRDA:82,1,0,0
BRDA:82,1,1,0
BRF:4
BRH:0
end_of_record
TN:
SF:webhook\webhook-middleware.js
FN:3,(anonymous_0)
FNF:1
FNH:0
FNDA:0,(anonymous_0)
DA:1,3
DA:3,3
DA:4,0
DA:6,0
DA:8,0
DA:10,0
DA:12,0
DA:15,0
DA:18,0
DA:23,0
DA:24,0
DA:25,0
DA:30,0
DA:31,0
DA:32,0
DA:33,0
DA:34,0
DA:36,0
DA:37,0
DA:38,0
DA:39,0
DA:40,0
DA:41,0
DA:44,0
LF:24
LH:2
BRDA:30,0,0,0
BRDA:30,0,1,0
BRDA:30,1,0,0
BRDA:30,1,1,0
BRDA:30,1,2,0
BRF:5
BRH:0
end_of_record
TN:
SF:webhook\webhookModel.js
FN:20,(anonymous_0)
FNF:1
FNH:0
FNDA:0,(anonymous_0)
DA:1,3
DA:2,3
DA:3,3
DA:4,3
DA:6,3
DA:9,3
DA:11,3
DA:20,3
DA:21,0
DA:24,0
DA:25,0
DA:27,0
DA:29,0
DA:34,0
DA:37,0
DA:39,0
DA:41,0
DA:47,0
DA:48,0
DA:53,0
DA:60,0
DA:66,0
DA:67,0
DA:71,0
DA:72,0
DA:75,0
DA:76,0
DA:78,0
DA:79,0
DA:81,0
DA:83,0
DA:85,0
DA:90,0
DA:93,0
DA:95,0
DA:98,0
DA:105,0
DA:106,0
DA:111,0
DA:118,0
DA:124,0
DA:125,0
DA:129,0
DA:132,0
DA:134,0
DA:139,3
LF:46
LH:9
BRDA:24,0,0,0
BRDA:24,0,1,0
BRDA:47,1,0,0
BRDA:47,1,1,0
BRDA:66,2,0,0
BRDA:66,2,1,0
BRDA:78,3,0,0
BRDA:78,3,1,0
BRDA:105,4,0,0
BRDA:105,4,1,0
BRDA:124,5,0,0
BRDA:124,5,1,0
BRF:12
BRH:0
end_of_record
